Using pre-set license
Built from '2020.2/staging' branch; Version is '2020.2.5f1 (e2c53f129de5) revision 14861631'; Using compiler version '192528614'; Build Type 'Release'
OS: 'Windows 10 Home; OS build 19042.867; Version 2009; 64bit' Language: 'en' Physical Memory: 16329 MB
BatchMode: 1, IsHumanControllingUs: 0, StartBugReporterOnCrash: 0, Is64bit: 1, IsPro: 0

 COMMAND LINE ARGUMENTS:
C:\Program Files\Unity\Hub\Editor\2020.2.5f1\Editor\Unity.exe
-adb2
-batchMode
-noUpm
-name
AssetImportWorker0
-projectPath
C:/Users/jprag/Documents/Unity_Repos/Unity/UnityProjects/Tower Defense Rush
-logFile
Logs/AssetImportWorker0.log
-srvPort
56306
Successfully changed project path to: C:/Users/jprag/Documents/Unity_Repos/Unity/UnityProjects/Tower Defense Rush
C:/Users/jprag/Documents/Unity_Repos/Unity/UnityProjects/Tower Defense Rush
Using Asset Import Pipeline V2.
Refreshing native plugins compatible for Editor in 36.09 ms, found 0 plugins.
Preloading 0 native plugins for Editor in 0.00 ms.
Initialize engine version: 2020.2.5f1 (e2c53f129de5)
[Subsystems] Discovering subsystems at path C:/Program Files/Unity/Hub/Editor/2020.2.5f1/Editor/Data/Resources/UnitySubsystems
[Subsystems] Discovering subsystems at path C:/Users/jprag/Documents/Unity_Repos/Unity/UnityProjects/Tower Defense Rush/Assets
GfxDevice: creating device client; threaded=0
Direct3D:
    Version:  Direct3D 11.0 [level 11.1]
    Renderer: Radeon RX 580 Series (ID=0x67df)
    Vendor:   
    VRAM:     8171 MB
    Driver:   27.20.14535.3005
Initialize mono
Mono path[0] = 'C:/Program Files/Unity/Hub/Editor/2020.2.5f1/Editor/Data/Managed'
Mono path[1] = 'C:/Program Files/Unity/Hub/Editor/2020.2.5f1/Editor/Data/MonoBleedingEdge/lib/mono/unityjit'
Mono config path = 'C:/Program Files/Unity/Hub/Editor/2020.2.5f1/Editor/Data/MonoBleedingEdge/etc'
Using monoOptions --debugger-agent=transport=dt_socket,embedding=1,server=y,suspend=n,address=127.0.0.1:56492
Begin MonoManager ReloadAssembly
Registering precompiled unity dll's ...
Register platform support module: C:/Program Files/Unity/Hub/Editor/2020.2.5f1/Editor/Data/PlaybackEngines/WebGLSupport/UnityEditor.WebGL.Extensions.dll
Register platform support module: C:/Program Files/Unity/Hub/Editor/2020.2.5f1/Editor/Data/PlaybackEngines/WindowsStandaloneSupport/UnityEditor.WindowsStandalone.Extensions.dll
Registered in 0.003285 seconds.
Native extension for WindowsStandalone target not found
Native extension for WebGL target not found
Refreshing native plugins compatible for Editor in 33.76 ms, found 0 plugins.
Preloading 0 native plugins for Editor in 0.00 ms.
Invoked RoslynAnalysisRunner static constructor.
RoslynAnalysisRunner will not be running.
RoslynAnalysisRunner has terminated.
Mono: successfully reloaded assembly
- Completed reload, in  2.313 seconds
Platform modules already initialized, skipping
Registering precompiled user dll's ...
Registered in 0.001933 seconds.
Begin MonoManager ReloadAssembly
Native extension for WindowsStandalone target not found
Native extension for WebGL target not found
Refreshing native plugins compatible for Editor in 35.68 ms, found 0 plugins.
Preloading 0 native plugins for Editor in 0.00 ms.
Invoked RoslynAnalysisRunner static constructor.
RoslynAnalysisRunner will not be running.
RoslynAnalysisRunner has terminated.
Mono: successfully reloaded assembly
- Completed reload, in  1.076 seconds
Platform modules already initialized, skipping
========================================================================
Worker process is ready to serve import requests
Launched and connected shader compiler UnityShaderCompiler.exe after 0.05 seconds
Refreshing native plugins compatible for Editor in 0.53 ms, found 0 plugins.
Preloading 0 native plugins for Editor in 0.00 ms.
Unloading 1423 Unused Serialized files (Serialized files now loaded: 0)
System memory in use before: 70.1 MB.
System memory in use after: 70.2 MB.

Unloading 12 unused Assets to reduce memory usage. Loaded Objects now: 1867.
Total: 4.748400 ms (FindLiveObjects: 0.645200 ms CreateObjectMapping: 0.124800 ms MarkObjects: 3.782700 ms  DeleteObjects: 0.193400 ms)

========================================================================
Received Import Request.
  path: Assets/Scripts/ObjectPool.cs
  artifactKey: Guid(efa17255facd1b547a869c57425ef09e) Importer(815301076,1909f56bfc062723c751e8b465ee728b)
Start importing Assets/Scripts/ObjectPool.cs using Guid(efa17255facd1b547a869c57425ef09e) Importer(815301076,1909f56bfc062723c751e8b465ee728b)  -> (artifact id: '6dd932b5c4f3e23e95814fc382fca2d4') in 0.036600 seconds
  Import took 0.040409 seconds .

========================================================================
Received Import Request.
  Time since last request: 34.932372 seconds.
  path: Assets/Scripts/ObjectPool.cs
  artifactKey: Guid(efa17255facd1b547a869c57425ef09e) Importer(815301076,1909f56bfc062723c751e8b465ee728b)
Start importing Assets/Scripts/ObjectPool.cs using Guid(efa17255facd1b547a869c57425ef09e) Importer(815301076,1909f56bfc062723c751e8b465ee728b)  -> (artifact id: '4416e8eba9ba451d78eca51d5ebd77a1') in 0.003669 seconds
  Import took 0.006395 seconds .

========================================================================
Received Import Request.
  Time since last request: 64.990473 seconds.
  path: Assets/Scripts/ObjectPool.cs
  artifactKey: Guid(efa17255facd1b547a869c57425ef09e) Importer(815301076,1909f56bfc062723c751e8b465ee728b)
Start importing Assets/Scripts/ObjectPool.cs using Guid(efa17255facd1b547a869c57425ef09e) Importer(815301076,1909f56bfc062723c751e8b465ee728b)  -> (artifact id: '10561aa16d48da029ac77cf52c044247') in 0.003733 seconds
  Import took 0.006535 seconds .

========================================================================
Received Import Request.
  Time since last request: 21.876319 seconds.
  path: Assets/Scripts/ObjectPool.cs
  artifactKey: Guid(efa17255facd1b547a869c57425ef09e) Importer(815301076,1909f56bfc062723c751e8b465ee728b)
Start importing Assets/Scripts/ObjectPool.cs using Guid(efa17255facd1b547a869c57425ef09e) Importer(815301076,1909f56bfc062723c751e8b465ee728b)  -> (artifact id: '4c3973e29a742d1ded85d8a73be9290b') in 0.003722 seconds
  Import took 0.006346 seconds .

========================================================================
Received Prepare
Registering precompiled user dll's ...
Registered in 0.000923 seconds.
Begin MonoManager ReloadAssembly
Native extension for WindowsStandalone target not found
Native extension for WebGL target not found
Refreshing native plugins compatible for Editor in 0.28 ms, found 0 plugins.
Preloading 0 native plugins for Editor in 0.00 ms.
Invoked RoslynAnalysisRunner static constructor.
RoslynAnalysisRunner will not be running.
RoslynAnalysisRunner has terminated.
Mono: successfully reloaded assembly
- Completed reload, in  0.994 seconds
Platform modules already initialized, skipping
Refreshing native plugins compatible for Editor in 0.29 ms, found 0 plugins.
Preloading 0 native plugins for Editor in 0.00 ms.
Unloading 1405 Unused Serialized files (Serialized files now loaded: 0)
System memory in use before: 69.2 MB.
System memory in use after: 69.3 MB.

Unloading 5 unused Assets to reduce memory usage. Loaded Objects now: 1869.
Total: 2.445100 ms (FindLiveObjects: 0.206000 ms CreateObjectMapping: 0.052100 ms MarkObjects: 2.106500 ms  DeleteObjects: 0.079300 ms)

========================================================================
Received Prepare
Registering precompiled user dll's ...
Registered in 0.000919 seconds.
Begin MonoManager ReloadAssembly
Native extension for WindowsStandalone target not found
Native extension for WebGL target not found
Refreshing native plugins compatible for Editor in 0.31 ms, found 0 plugins.
Preloading 0 native plugins for Editor in 0.00 ms.
Invoked RoslynAnalysisRunner static constructor.
RoslynAnalysisRunner will not be running.
RoslynAnalysisRunner has terminated.
Mono: successfully reloaded assembly
- Completed reload, in  0.905 seconds
Platform modules already initialized, skipping
Refreshing native plugins compatible for Editor in 0.29 ms, found 0 plugins.
Preloading 0 native plugins for Editor in 0.00 ms.
Unloading 1405 Unused Serialized files (Serialized files now loaded: 0)
System memory in use before: 69.2 MB.
System memory in use after: 69.3 MB.

Unloading 5 unused Assets to reduce memory usage. Loaded Objects now: 1871.
Total: 2.176100 ms (FindLiveObjects: 0.213300 ms CreateObjectMapping: 0.039000 ms MarkObjects: 1.854900 ms  DeleteObjects: 0.067200 ms)

========================================================================
Received Prepare
Registering precompiled user dll's ...
Registered in 0.001064 seconds.
Begin MonoManager ReloadAssembly
Native extension for WindowsStandalone target not found
Native extension for WebGL target not found
Refreshing native plugins compatible for Editor in 0.31 ms, found 0 plugins.
Preloading 0 native plugins for Editor in 0.00 ms.
Invoked RoslynAnalysisRunner static constructor.
RoslynAnalysisRunner will not be running.
RoslynAnalysisRunner has terminated.
Mono: successfully reloaded assembly
- Completed reload, in  0.950 seconds
Platform modules already initialized, skipping
Refreshing native plugins compatible for Editor in 0.31 ms, found 0 plugins.
Preloading 0 native plugins for Editor in 0.00 ms.
Unloading 1405 Unused Serialized files (Serialized files now loaded: 0)
System memory in use before: 69.2 MB.
System memory in use after: 69.3 MB.

Unloading 5 unused Assets to reduce memory usage. Loaded Objects now: 1873.
Total: 2.457900 ms (FindLiveObjects: 0.365400 ms CreateObjectMapping: 0.101200 ms MarkObjects: 1.909800 ms  DeleteObjects: 0.079200 ms)

========================================================================
Received Prepare
Registering precompiled user dll's ...
Registered in 0.001175 seconds.
Begin MonoManager ReloadAssembly
Native extension for WindowsStandalone target not found
Native extension for WebGL target not found
Refreshing native plugins compatible for Editor in 0.30 ms, found 0 plugins.
Preloading 0 native plugins for Editor in 0.00 ms.
Invoked RoslynAnalysisRunner static constructor.
RoslynAnalysisRunner will not be running.
RoslynAnalysisRunner has terminated.
Mono: successfully reloaded assembly
- Completed reload, in  0.917 seconds
Platform modules already initialized, skipping
Refreshing native plugins compatible for Editor in 0.29 ms, found 0 plugins.
Preloading 0 native plugins for Editor in 0.00 ms.
Unloading 1405 Unused Serialized files (Serialized files now loaded: 0)
System memory in use before: 69.3 MB.
System memory in use after: 69.3 MB.

Unloading 5 unused Assets to reduce memory usage. Loaded Objects now: 1875.
Total: 2.121200 ms (FindLiveObjects: 0.202100 ms CreateObjectMapping: 0.043100 ms MarkObjects: 1.811000 ms  DeleteObjects: 0.063800 ms)

========================================================================
Received Prepare
Registering precompiled user dll's ...
Registered in 0.000824 seconds.
Begin MonoManager ReloadAssembly
Native extension for WindowsStandalone target not found
Native extension for WebGL target not found
Refreshing native plugins compatible for Editor in 0.29 ms, found 0 plugins.
Preloading 0 native plugins for Editor in 0.00 ms.
Invoked RoslynAnalysisRunner static constructor.
RoslynAnalysisRunner will not be running.
RoslynAnalysisRunner has terminated.
Mono: successfully reloaded assembly
- Completed reload, in  0.936 seconds
Platform modules already initialized, skipping
Refreshing native plugins compatible for Editor in 0.31 ms, found 0 plugins.
Preloading 0 native plugins for Editor in 0.00 ms.
Unloading 1405 Unused Serialized files (Serialized files now loaded: 0)
System memory in use before: 69.3 MB.
System memory in use after: 69.3 MB.

Unloading 5 unused Assets to reduce memory usage. Loaded Objects now: 1877.
Total: 2.291400 ms (FindLiveObjects: 0.194900 ms CreateObjectMapping: 0.048100 ms MarkObjects: 1.973300 ms  DeleteObjects: 0.074000 ms)

========================================================================
Received Prepare
Registering precompiled user dll's ...
Registered in 0.000937 seconds.
Begin MonoManager ReloadAssembly
Native extension for WindowsStandalone target not found
Native extension for WebGL target not found
Refreshing native plugins compatible for Editor in 0.31 ms, found 0 plugins.
Preloading 0 native plugins for Editor in 0.00 ms.
Invoked RoslynAnalysisRunner static constructor.
RoslynAnalysisRunner will not be running.
RoslynAnalysisRunner has terminated.
Mono: successfully reloaded assembly
- Completed reload, in  0.924 seconds
Platform modules already initialized, skipping
Refreshing native plugins compatible for Editor in 0.29 ms, found 0 plugins.
Preloading 0 native plugins for Editor in 0.00 ms.
Unloading 1405 Unused Serialized files (Serialized files now loaded: 0)
System memory in use before: 69.3 MB.
System memory in use after: 69.4 MB.

Unloading 5 unused Assets to reduce memory usage. Loaded Objects now: 1879.
Total: 2.166000 ms (FindLiveObjects: 0.182800 ms CreateObjectMapping: 0.041300 ms MarkObjects: 1.873500 ms  DeleteObjects: 0.067100 ms)

========================================================================
Received Prepare
Registering precompiled user dll's ...
Registered in 0.000893 seconds.
Begin MonoManager ReloadAssembly
Native extension for WindowsStandalone target not found
Native extension for WebGL target not found
Refreshing native plugins compatible for Editor in 0.44 ms, found 0 plugins.
Preloading 0 native plugins for Editor in 0.00 ms.
Invoked RoslynAnalysisRunner static constructor.
RoslynAnalysisRunner will not be running.
RoslynAnalysisRunner has terminated.
Mono: successfully reloaded assembly
- Completed reload, in  1.025 seconds
Platform modules already initialized, skipping
Refreshing native plugins compatible for Editor in 0.36 ms, found 0 plugins.
Preloading 0 native plugins for Editor in 0.00 ms.
Unloading 1405 Unused Serialized files (Serialized files now loaded: 0)
System memory in use before: 69.3 MB.
System memory in use after: 69.4 MB.

Unloading 5 unused Assets to reduce memory usage. Loaded Objects now: 1881.
Total: 2.027800 ms (FindLiveObjects: 0.204300 ms CreateObjectMapping: 0.054900 ms MarkObjects: 1.707000 ms  DeleteObjects: 0.060500 ms)

========================================================================
Received Prepare
Registering precompiled user dll's ...
Registered in 0.000974 seconds.
Begin MonoManager ReloadAssembly
Native extension for WindowsStandalone target not found
Native extension for WebGL target not found
Refreshing native plugins compatible for Editor in 0.32 ms, found 0 plugins.
Preloading 0 native plugins for Editor in 0.00 ms.
Invoked RoslynAnalysisRunner static constructor.
RoslynAnalysisRunner will not be running.
RoslynAnalysisRunner has terminated.
Mono: successfully reloaded assembly
- Completed reload, in  1.008 seconds
Platform modules already initialized, skipping
Refreshing native plugins compatible for Editor in 0.32 ms, found 0 plugins.
Preloading 0 native plugins for Editor in 0.00 ms.
Unloading 1405 Unused Serialized files (Serialized files now loaded: 0)
System memory in use before: 69.3 MB.
System memory in use after: 69.4 MB.

Unloading 5 unused Assets to reduce memory usage. Loaded Objects now: 1883.
Total: 2.057800 ms (FindLiveObjects: 0.198800 ms CreateObjectMapping: 0.039700 ms MarkObjects: 1.746800 ms  DeleteObjects: 0.071300 ms)

========================================================================
Received Import Request.
  Time since last request: 700.725841 seconds.
  path: Assets/Editor
  artifactKey: Guid(a245c126d0e5bb3418327b89e8b740d8) Importer(815301076,1909f56bfc062723c751e8b465ee728b)
Start importing Assets/Editor using Guid(a245c126d0e5bb3418327b89e8b740d8) Importer(815301076,1909f56bfc062723c751e8b465ee728b)  -> (artifact id: '33806eeb2dbdcd8f7e9074d682d4672c') in 0.017738 seconds
  Import took 0.024253 seconds .

========================================================================
Received Prepare
Registering precompiled user dll's ...
Registered in 0.001021 seconds.
Begin MonoManager ReloadAssembly
Native extension for WindowsStandalone target not found
Native extension for WebGL target not found
Refreshing native plugins compatible for Editor in 0.29 ms, found 0 plugins.
Preloading 0 native plugins for Editor in 0.00 ms.
Invoked RoslynAnalysisRunner static constructor.
RoslynAnalysisRunner will not be running.
RoslynAnalysisRunner has terminated.
Mono: successfully reloaded assembly
- Completed reload, in  0.994 seconds
Platform modules already initialized, skipping
Refreshing native plugins compatible for Editor in 0.29 ms, found 0 plugins.
Preloading 0 native plugins for Editor in 0.00 ms.
Unloading 1405 Unused Serialized files (Serialized files now loaded: 0)
System memory in use before: 69.3 MB.
System memory in use after: 69.4 MB.

Unloading 5 unused Assets to reduce memory usage. Loaded Objects now: 1885.
Total: 2.153600 ms (FindLiveObjects: 0.187700 ms CreateObjectMapping: 0.041100 ms MarkObjects: 1.846900 ms  DeleteObjects: 0.077000 ms)

========================================================================
Received Import Request.
  Time since last request: 29.448690 seconds.
  path: Assets/CoordinateLabeler.cs
  artifactKey: Guid(6832e6f30f17b5d46b285b5fdf5bf179) Importer(815301076,1909f56bfc062723c751e8b465ee728b)
Start importing Assets/CoordinateLabeler.cs using Guid(6832e6f30f17b5d46b285b5fdf5bf179) Importer(815301076,1909f56bfc062723c751e8b465ee728b)  -> (artifact id: '7b3c6aa22ef66ce6df4ea4a5e1bdcdd0') in 0.008895 seconds
  Import took 0.012150 seconds .

========================================================================
Received Import Request.
  Time since last request: 0.039397 seconds.
  path: Assets/CoordinateLabeler.cs
  artifactKey: Guid(6832e6f30f17b5d46b285b5fdf5bf179) Importer(815301076,1909f56bfc062723c751e8b465ee728b)
Start importing Assets/CoordinateLabeler.cs using Guid(6832e6f30f17b5d46b285b5fdf5bf179) Importer(815301076,1909f56bfc062723c751e8b465ee728b)  -> (artifact id: '7b3c6aa22ef66ce6df4ea4a5e1bdcdd0') in 0.006185 seconds
  Import took 0.010206 seconds .

========================================================================
Received Prepare
Registering precompiled user dll's ...
Registered in 0.000939 seconds.
Begin MonoManager ReloadAssembly
Native extension for WindowsStandalone target not found
Native extension for WebGL target not found
Refreshing native plugins compatible for Editor in 0.30 ms, found 0 plugins.
Preloading 0 native plugins for Editor in 0.00 ms.
Invoked RoslynAnalysisRunner static constructor.
RoslynAnalysisRunner will not be running.
RoslynAnalysisRunner has terminated.
Mono: successfully reloaded assembly
- Completed reload, in  1.018 seconds
Platform modules already initialized, skipping
Refreshing native plugins compatible for Editor in 0.29 ms, found 0 plugins.
Preloading 0 native plugins for Editor in 0.00 ms.
Unloading 1405 Unused Serialized files (Serialized files now loaded: 0)
System memory in use before: 69.3 MB.
System memory in use after: 69.4 MB.

Unloading 5 unused Assets to reduce memory usage. Loaded Objects now: 1887.
Total: 2.116400 ms (FindLiveObjects: 0.185400 ms CreateObjectMapping: 0.040200 ms MarkObjects: 1.822000 ms  DeleteObjects: 0.067500 ms)

========================================================================
Received Prepare
Registering precompiled user dll's ...
Registered in 0.000891 seconds.
Begin MonoManager ReloadAssembly
Native extension for WindowsStandalone target not found
Native extension for WebGL target not found
Refreshing native plugins compatible for Editor in 0.32 ms, found 0 plugins.
Preloading 0 native plugins for Editor in 0.00 ms.
Invoked RoslynAnalysisRunner static constructor.
RoslynAnalysisRunner will not be running.
RoslynAnalysisRunner has terminated.
Mono: successfully reloaded assembly
- Completed reload, in  0.980 seconds
Platform modules already initialized, skipping
Refreshing native plugins compatible for Editor in 0.29 ms, found 0 plugins.
Preloading 0 native plugins for Editor in 0.00 ms.
Unloading 1405 Unused Serialized files (Serialized files now loaded: 0)
System memory in use before: 69.3 MB.
System memory in use after: 69.4 MB.

Unloading 5 unused Assets to reduce memory usage. Loaded Objects now: 1889.
Total: 2.261900 ms (FindLiveObjects: 0.228300 ms CreateObjectMapping: 0.042500 ms MarkObjects: 1.920500 ms  DeleteObjects: 0.069300 ms)

========================================================================
Received Prepare
Registering precompiled user dll's ...
Registered in 0.000850 seconds.
Begin MonoManager ReloadAssembly
Native extension for WindowsStandalone target not found
Native extension for WebGL target not found
Refreshing native plugins compatible for Editor in 0.46 ms, found 0 plugins.
Preloading 0 native plugins for Editor in 0.00 ms.
Invoked RoslynAnalysisRunner static constructor.
RoslynAnalysisRunner will not be running.
RoslynAnalysisRunner has terminated.
Mono: successfully reloaded assembly
- Completed reload, in  0.872 seconds
Platform modules already initialized, skipping
Refreshing native plugins compatible for Editor in 0.42 ms, found 0 plugins.
Preloading 0 native plugins for Editor in 0.00 ms.
Unloading 1405 Unused Serialized files (Serialized files now loaded: 0)
System memory in use before: 69.3 MB.
System memory in use after: 69.4 MB.

Unloading 5 unused Assets to reduce memory usage. Loaded Objects now: 1891.
Total: 2.345100 ms (FindLiveObjects: 0.248100 ms CreateObjectMapping: 0.056500 ms MarkObjects: 1.973300 ms  DeleteObjects: 0.066000 ms)

========================================================================
Received Prepare
Registering precompiled user dll's ...
Registered in 0.001099 seconds.
Begin MonoManager ReloadAssembly
Native extension for WindowsStandalone target not found
Native extension for WebGL target not found
Refreshing native plugins compatible for Editor in 0.32 ms, found 0 plugins.
Preloading 0 native plugins for Editor in 0.00 ms.
Invoked RoslynAnalysisRunner static constructor.
RoslynAnalysisRunner will not be running.
RoslynAnalysisRunner has terminated.
Mono: successfully reloaded assembly
- Completed reload, in  0.951 seconds
Platform modules already initialized, skipping
Refreshing native plugins compatible for Editor in 0.42 ms, found 0 plugins.
Preloading 0 native plugins for Editor in 0.00 ms.
Unloading 1405 Unused Serialized files (Serialized files now loaded: 0)
System memory in use before: 69.3 MB.
System memory in use after: 69.4 MB.

Unloading 5 unused Assets to reduce memory usage. Loaded Objects now: 1893.
Total: 2.198600 ms (FindLiveObjects: 0.204900 ms CreateObjectMapping: 0.040300 ms MarkObjects: 1.882200 ms  DeleteObjects: 0.070400 ms)

========================================================================
Received Import Request.
  Time since last request: 163.607440 seconds.
  path: Assets/Prefabs/Ram.prefab
  artifactKey: Guid(b940df629b09f434dbb9fd487257db6c) Importer(815301076,1909f56bfc062723c751e8b465ee728b)
Start importing Assets/Prefabs/Ram.prefab using Guid(b940df629b09f434dbb9fd487257db6c) Importer(815301076,1909f56bfc062723c751e8b465ee728b)  -> (artifact id: '22f5f5eb61ecf7e216cc586aefe97451') in 0.100552 seconds
  Import took 0.103515 seconds .

========================================================================
Received Import Request.
  Time since last request: 0.000432 seconds.
  path: Assets/Prefabs/Tile_RoadCorner.prefab
  artifactKey: Guid(92722e1fcba02944aae3ff781d4ccb68) Importer(815301076,1909f56bfc062723c751e8b465ee728b)
Start importing Assets/Prefabs/Tile_RoadCorner.prefab using Guid(92722e1fcba02944aae3ff781d4ccb68) Importer(815301076,1909f56bfc062723c751e8b465ee728b)  -> (artifact id: '6fb76b8d358cee88ecc70292cf97ddef') in 0.106783 seconds
  Import took 0.111426 seconds .

========================================================================
Received Import Request.
  Time since last request: 0.000489 seconds.
  path: Assets/Prefabs/Tile_RoadCorner90.prefab
  artifactKey: Guid(d75762c7d63bf0c4082dc5d945a7ac96) Importer(815301076,1909f56bfc062723c751e8b465ee728b)
Start importing Assets/Prefabs/Tile_RoadCorner90.prefab using Guid(d75762c7d63bf0c4082dc5d945a7ac96) Importer(815301076,1909f56bfc062723c751e8b465ee728b)  -> (artifact id: 'c162a7ceae96193df310001d0e0a3f66') in 0.043664 seconds
  Import took 0.047307 seconds .

========================================================================
Received Import Request.
  Time since last request: 0.000374 seconds.
  path: Assets/Prefabs/Tile_RoadStraight.prefab
  artifactKey: Guid(22e79e8f1a170314499c1990450fa186) Importer(815301076,1909f56bfc062723c751e8b465ee728b)
Start importing Assets/Prefabs/Tile_RoadStraight.prefab using Guid(22e79e8f1a170314499c1990450fa186) Importer(815301076,1909f56bfc062723c751e8b465ee728b)  -> (artifact id: '3543f771662e6d4a947f3f686561f55e') in 0.039840 seconds
  Import took 0.043223 seconds .

========================================================================
Received Import Request.
  Time since last request: 0.000375 seconds.
  path: Assets/Prefabs/Tile_RoadStraight90.prefab
  artifactKey: Guid(d12e2201223f98947ad2a1e7788a94c4) Importer(815301076,1909f56bfc062723c751e8b465ee728b)
Start importing Assets/Prefabs/Tile_RoadStraight90.prefab using Guid(d12e2201223f98947ad2a1e7788a94c4) Importer(815301076,1909f56bfc062723c751e8b465ee728b)  -> (artifact id: 'a9c3c5e9fc7131831f26fbbc9b8c86f5') in 0.041676 seconds
  Import took 0.044949 seconds .

========================================================================
Received Import Request.
  Time since last request: 0.000353 seconds.
  path: Assets/Prefabs/Tile.prefab
  artifactKey: Guid(bc799f3201d4d0e4189a59ee307c55f8) Importer(815301076,1909f56bfc062723c751e8b465ee728b)
Start importing Assets/Prefabs/Tile.prefab using Guid(bc799f3201d4d0e4189a59ee307c55f8) Importer(815301076,1909f56bfc062723c751e8b465ee728b)  -> (artifact id: 'aaac43480d24d0f10199c67d8d01fefa') in 0.037068 seconds
  Import took 0.039864 seconds .

========================================================================
Received Import Request.
  Time since last request: 0.000422 seconds.
  path: Assets/Prefabs/Tile_RoadCorner270.prefab
  artifactKey: Guid(1ecfb300bd6737c44902d6e36802bd8e) Importer(815301076,1909f56bfc062723c751e8b465ee728b)
Start importing Assets/Prefabs/Tile_RoadCorner270.prefab using Guid(1ecfb300bd6737c44902d6e36802bd8e) Importer(815301076,1909f56bfc062723c751e8b465ee728b)  -> (artifact id: '9ce84ca90429fd03b1e4b07a74444e52') in 0.039444 seconds
  Import took 0.042770 seconds .

========================================================================
Received Import Request.
  Time since last request: 0.000382 seconds.
  path: Assets/Prefabs/Tile_RoadCorner180.prefab
  artifactKey: Guid(aab5b783d44325b49926caaca5ab1a96) Importer(815301076,1909f56bfc062723c751e8b465ee728b)
Start importing Assets/Prefabs/Tile_RoadCorner180.prefab using Guid(aab5b783d44325b49926caaca5ab1a96) Importer(815301076,1909f56bfc062723c751e8b465ee728b)  -> (artifact id: 'd286091021787f75a9bb75a90c6c2b11') in 0.039505 seconds
  Import took 0.042828 seconds .

========================================================================
Received Import Request.
  Time since last request: 15.173334 seconds.
  path: Assets/Prefabs/ObjectPool.prefab
  artifactKey: Guid(f4309daa7b01ad0499374ad0fe0cd072) Importer(815301076,1909f56bfc062723c751e8b465ee728b)
Start importing Assets/Prefabs/ObjectPool.prefab using Guid(f4309daa7b01ad0499374ad0fe0cd072) Importer(815301076,1909f56bfc062723c751e8b465ee728b)  -> (artifact id: 'da89b4f4cb253f9255d15c2f8fb928f6') in 0.009534 seconds
  Import took 0.013432 seconds .

========================================================================
Received Import Request.
  Time since last request: 0.007055 seconds.
  path: Assets/Prefabs/ObjectPool.prefab
  artifactKey: Guid(f4309daa7b01ad0499374ad0fe0cd072) Importer(815301076,1909f56bfc062723c751e8b465ee728b)
Start importing Assets/Prefabs/ObjectPool.prefab using Guid(f4309daa7b01ad0499374ad0fe0cd072) Importer(815301076,1909f56bfc062723c751e8b465ee728b)  -> (artifact id: 'da89b4f4cb253f9255d15c2f8fb928f6') in 0.006945 seconds
  Import took 0.010275 seconds .

========================================================================
Received Import Request.
  Time since last request: 8.066027 seconds.
  path: Assets/Prefabs/Bank.prefab
  artifactKey: Guid(852a5bcc4515a9445b9c5c009e592d8d) Importer(815301076,1909f56bfc062723c751e8b465ee728b)
Start importing Assets/Prefabs/Bank.prefab using Guid(852a5bcc4515a9445b9c5c009e592d8d) Importer(815301076,1909f56bfc062723c751e8b465ee728b)  -> (artifact id: '3e936740064c434ec830ac5b64233a79') in 0.018646 seconds
  Import took 0.023363 seconds .

========================================================================
Received Import Request.
  Time since last request: 8.438255 seconds.
  path: Assets/Prefabs/Canvas.prefab
  artifactKey: Guid(882e629bd7d4fa445b68bff0e07b4c6e) Importer(815301076,1909f56bfc062723c751e8b465ee728b)
Start importing Assets/Prefabs/Canvas.prefab using Guid(882e629bd7d4fa445b68bff0e07b4c6e) Importer(815301076,1909f56bfc062723c751e8b465ee728b)  -> (artifact id: 'ca52ff232753e8b7ef3fd3d5acd23378') in 0.055567 seconds
  Import took 0.060349 seconds .

========================================================================
Received Import Request.
  Time since last request: 0.004660 seconds.
  path: Assets/Prefabs/Canvas.prefab
  artifactKey: Guid(882e629bd7d4fa445b68bff0e07b4c6e) Importer(815301076,1909f56bfc062723c751e8b465ee728b)
Start importing Assets/Prefabs/Canvas.prefab using Guid(882e629bd7d4fa445b68bff0e07b4c6e) Importer(815301076,1909f56bfc062723c751e8b465ee728b)  -> (artifact id: 'ca52ff232753e8b7ef3fd3d5acd23378') in 0.030221 seconds
  Import took 0.033776 seconds .

========================================================================
Received Prepare
Registering precompiled user dll's ...
Registered in 0.001549 seconds.
Begin MonoManager ReloadAssembly
Native extension for WindowsStandalone target not found
Native extension for WebGL target not found
Refreshing native plugins compatible for Editor in 0.30 ms, found 0 plugins.
Preloading 0 native plugins for Editor in 0.00 ms.
Invoked RoslynAnalysisRunner static constructor.
RoslynAnalysisRunner will not be running.
RoslynAnalysisRunner has terminated.
Mono: successfully reloaded assembly
- Completed reload, in  0.972 seconds
Platform modules already initialized, skipping
Refreshing native plugins compatible for Editor in 0.30 ms, found 0 plugins.
Preloading 0 native plugins for Editor in 0.00 ms.
Unloading 1405 Unused Serialized files (Serialized files now loaded: 0)
System memory in use before: 72.8 MB.
System memory in use after: 72.9 MB.

Unloading 5 unused Assets to reduce memory usage. Loaded Objects now: 1902.
Total: 2.344800 ms (FindLiveObjects: 0.201800 ms CreateObjectMapping: 0.040200 ms MarkObjects: 2.021600 ms  DeleteObjects: 0.079300 ms)

AssetImportWorkerClient::OnTransportError - code=2 error=End of file
