Using pre-set license
Built from '2020.2/staging' branch; Version is '2020.2.5f1 (e2c53f129de5) revision 14861631'; Using compiler version '192528614'; Build Type 'Release'
OS: 'Windows 10 Home; OS build 19042.867; Version 2009; 64bit' Language: 'en' Physical Memory: 16329 MB
BatchMode: 1, IsHumanControllingUs: 0, StartBugReporterOnCrash: 0, Is64bit: 1, IsPro: 0

 COMMAND LINE ARGUMENTS:
C:\Program Files\Unity\Hub\Editor\2020.2.5f1\Editor\Unity.exe
-adb2
-batchMode
-noUpm
-name
AssetImportWorker0
-projectPath
C:/Users/jprag/Documents/Unity_Repos/Unity/UnityProjects/Tower Defense Rush
-logFile
Logs/AssetImportWorker0.log
-srvPort
50553
Successfully changed project path to: C:/Users/jprag/Documents/Unity_Repos/Unity/UnityProjects/Tower Defense Rush
C:/Users/jprag/Documents/Unity_Repos/Unity/UnityProjects/Tower Defense Rush
Using Asset Import Pipeline V2.
Refreshing native plugins compatible for Editor in 34.71 ms, found 0 plugins.
Preloading 0 native plugins for Editor in 0.00 ms.
Initialize engine version: 2020.2.5f1 (e2c53f129de5)
[Subsystems] Discovering subsystems at path C:/Program Files/Unity/Hub/Editor/2020.2.5f1/Editor/Data/Resources/UnitySubsystems
[Subsystems] Discovering subsystems at path C:/Users/jprag/Documents/Unity_Repos/Unity/UnityProjects/Tower Defense Rush/Assets
GfxDevice: creating device client; threaded=0
Direct3D:
    Version:  Direct3D 11.0 [level 11.1]
    Renderer: Radeon RX 580 Series (ID=0x67df)
    Vendor:   
    VRAM:     8171 MB
    Driver:   27.20.14535.3005
Initialize mono
Mono path[0] = 'C:/Program Files/Unity/Hub/Editor/2020.2.5f1/Editor/Data/Managed'
Mono path[1] = 'C:/Program Files/Unity/Hub/Editor/2020.2.5f1/Editor/Data/MonoBleedingEdge/lib/mono/unityjit'
Mono config path = 'C:/Program Files/Unity/Hub/Editor/2020.2.5f1/Editor/Data/MonoBleedingEdge/etc'
Using monoOptions --debugger-agent=transport=dt_socket,embedding=1,server=y,suspend=n,address=127.0.0.1:56152
Begin MonoManager ReloadAssembly
Registering precompiled unity dll's ...
Register platform support module: C:/Program Files/Unity/Hub/Editor/2020.2.5f1/Editor/Data/PlaybackEngines/WebGLSupport/UnityEditor.WebGL.Extensions.dll
Register platform support module: C:/Program Files/Unity/Hub/Editor/2020.2.5f1/Editor/Data/PlaybackEngines/WindowsStandaloneSupport/UnityEditor.WindowsStandalone.Extensions.dll
Registered in 0.002881 seconds.
Native extension for WindowsStandalone target not found
Native extension for WebGL target not found
Refreshing native plugins compatible for Editor in 29.27 ms, found 0 plugins.
Preloading 0 native plugins for Editor in 0.00 ms.
Invoked RoslynAnalysisRunner static constructor.
RoslynAnalysisRunner will not be running.
RoslynAnalysisRunner has terminated.
Mono: successfully reloaded assembly
- Completed reload, in  2.298 seconds
Platform modules already initialized, skipping
Registering precompiled user dll's ...
Registered in 0.000806 seconds.
Begin MonoManager ReloadAssembly
Native extension for WindowsStandalone target not found
Native extension for WebGL target not found
Refreshing native plugins compatible for Editor in 29.18 ms, found 0 plugins.
Preloading 0 native plugins for Editor in 0.00 ms.
Invoked RoslynAnalysisRunner static constructor.
RoslynAnalysisRunner will not be running.
RoslynAnalysisRunner has terminated.
Mono: successfully reloaded assembly
- Completed reload, in  0.950 seconds
Platform modules already initialized, skipping
========================================================================
Worker process is ready to serve import requests
Launched and connected shader compiler UnityShaderCompiler.exe after 0.05 seconds
Refreshing native plugins compatible for Editor in 0.31 ms, found 0 plugins.
Preloading 0 native plugins for Editor in 0.00 ms.
Unloading 1423 Unused Serialized files (Serialized files now loaded: 0)
System memory in use before: 70.1 MB.
System memory in use after: 70.2 MB.

Unloading 12 unused Assets to reduce memory usage. Loaded Objects now: 1867.
Total: 2.259200 ms (FindLiveObjects: 0.180300 ms CreateObjectMapping: 0.043100 ms MarkObjects: 1.943000 ms  DeleteObjects: 0.091700 ms)

========================================================================
Received Import Request.
  path: Assets/Scripts/Bank.cs
  artifactKey: Guid(26122fddfa15c4e4094a36bff878d9f3) Importer(815301076,1909f56bfc062723c751e8b465ee728b)
Start importing Assets/Scripts/Bank.cs using Guid(26122fddfa15c4e4094a36bff878d9f3) Importer(815301076,1909f56bfc062723c751e8b465ee728b)  -> (artifact id: '3aec75d756952b7974a8ea3e83d0effa') in 0.036793 seconds
  Import took 0.049762 seconds .

========================================================================
Received Import Request.
  Time since last request: 4.726044 seconds.
  path: Assets/Scripts/Enemy.cs
  artifactKey: Guid(c235d5b6c619a2448ab8f7d6c7a4aeed) Importer(815301076,1909f56bfc062723c751e8b465ee728b)
Start importing Assets/Scripts/Enemy.cs using Guid(c235d5b6c619a2448ab8f7d6c7a4aeed) Importer(815301076,1909f56bfc062723c751e8b465ee728b)  -> (artifact id: 'c2dee93eed6bbf976eb67390f2dde31c') in 0.003067 seconds
  Import took 0.005728 seconds .

========================================================================
Received Import Request.
  Time since last request: 1.171547 seconds.
  path: Assets/Scripts/EnemyHealth.cs
  artifactKey: Guid(4445f38cb5025ac408f5b914e7d9bb35) Importer(815301076,1909f56bfc062723c751e8b465ee728b)
Start importing Assets/Scripts/EnemyHealth.cs using Guid(4445f38cb5025ac408f5b914e7d9bb35) Importer(815301076,1909f56bfc062723c751e8b465ee728b)  -> (artifact id: '95e5c7d4dd8299e9a177d0a7fa98e68f') in 0.003716 seconds
  Import took 0.017007 seconds .

AssetImportWorkerClient::OnTransportError - code=2 error=End of file
