Using pre-set license
Built from '2020.2/staging' branch; Version is '2020.2.5f1 (e2c53f129de5) revision 14861631'; Using compiler version '192528614'; Build Type 'Release'
OS: 'Windows 10 Home; OS build 19042.804; Version 2009; 64bit' Language: 'en' Physical Memory: 16329 MB
BatchMode: 1, IsHumanControllingUs: 0, StartBugReporterOnCrash: 0, Is64bit: 1, IsPro: 0

 COMMAND LINE ARGUMENTS:
C:\Program Files\Unity\Hub\Editor\2020.2.5f1\Editor\Unity.exe
-adb2
-batchMode
-noUpm
-name
AssetImportWorker0
-projectPath
C:/Users/jprag/Documents/Unity_Repos/Unity/UnityProjects/Argon Assault X
-logFile
Logs/AssetImportWorker0.log
-srvPort
54042
Successfully changed project path to: C:/Users/jprag/Documents/Unity_Repos/Unity/UnityProjects/Argon Assault X
C:/Users/jprag/Documents/Unity_Repos/Unity/UnityProjects/Argon Assault X
Using Asset Import Pipeline V2.
Refreshing native plugins compatible for Editor in 40.62 ms, found 0 plugins.
Preloading 0 native plugins for Editor in 0.00 ms.
Initialize engine version: 2020.2.5f1 (e2c53f129de5)
[Subsystems] Discovering subsystems at path C:/Program Files/Unity/Hub/Editor/2020.2.5f1/Editor/Data/Resources/UnitySubsystems
[Subsystems] Discovering subsystems at path C:/Users/jprag/Documents/Unity_Repos/Unity/UnityProjects/Argon Assault X/Assets
GfxDevice: creating device client; threaded=0
Direct3D:
    Version:  Direct3D 11.0 [level 11.1]
    Renderer: Radeon RX 580 Series (ID=0x67df)
    Vendor:   
    VRAM:     8171 MB
    Driver:   27.20.14535.3005
Initialize mono
Mono path[0] = 'C:/Program Files/Unity/Hub/Editor/2020.2.5f1/Editor/Data/Managed'
Mono path[1] = 'C:/Program Files/Unity/Hub/Editor/2020.2.5f1/Editor/Data/MonoBleedingEdge/lib/mono/unityjit'
Mono config path = 'C:/Program Files/Unity/Hub/Editor/2020.2.5f1/Editor/Data/MonoBleedingEdge/etc'
Using monoOptions --debugger-agent=transport=dt_socket,embedding=1,server=y,suspend=n,address=127.0.0.1:56400
Begin MonoManager ReloadAssembly
Registering precompiled unity dll's ...
Register platform support module: C:/Program Files/Unity/Hub/Editor/2020.2.5f1/Editor/Data/PlaybackEngines/WebGLSupport/UnityEditor.WebGL.Extensions.dll
Register platform support module: C:/Program Files/Unity/Hub/Editor/2020.2.5f1/Editor/Data/PlaybackEngines/WindowsStandaloneSupport/UnityEditor.WindowsStandalone.Extensions.dll
Registered in 0.003322 seconds.
Native extension for WindowsStandalone target not found
Native extension for WebGL target not found
Refreshing native plugins compatible for Editor in 40.01 ms, found 0 plugins.
Preloading 0 native plugins for Editor in 0.00 ms.
Invoked RoslynAnalysisRunner static constructor.
RoslynAnalysisRunner will not be running.
RoslynAnalysisRunner has terminated.
Mono: successfully reloaded assembly
- Completed reload, in  2.367 seconds
Platform modules already initialized, skipping
Registering precompiled user dll's ...
Registered in 0.000985 seconds.
Begin MonoManager ReloadAssembly
Native extension for WindowsStandalone target not found
Native extension for WebGL target not found
Refreshing native plugins compatible for Editor in 43.44 ms, found 0 plugins.
Preloading 0 native plugins for Editor in 0.00 ms.
Invoked RoslynAnalysisRunner static constructor.
RoslynAnalysisRunner will not be running.
RoslynAnalysisRunner has terminated.
Mono: successfully reloaded assembly
- Completed reload, in  1.434 seconds
Platform modules already initialized, skipping
========================================================================
Worker process is ready to serve import requests
Launched and connected shader compiler UnityShaderCompiler.exe after 0.09 seconds
Refreshing native plugins compatible for Editor in 0.32 ms, found 0 plugins.
Preloading 0 native plugins for Editor in 0.00 ms.
Unloading 1596 Unused Serialized files (Serialized files now loaded: 0)
System memory in use before: 171.8 MB.
System memory in use after: 171.7 MB.

Unloading 25 unused Assets to reduce memory usage. Loaded Objects now: 2076.
Total: 3.204600 ms (FindLiveObjects: 0.345100 ms CreateObjectMapping: 0.100600 ms MarkObjects: 2.492900 ms  DeleteObjects: 0.264400 ms)

========================================================================
Received Import Request.
  path: Assets/Scripts/ScoreBoard.cs
  artifactKey: Guid(4009eae89ef61cd408e795e5a7cad209) Importer(815301076,1909f56bfc062723c751e8b465ee728b)
Start importing Assets/Scripts/ScoreBoard.cs using Guid(4009eae89ef61cd408e795e5a7cad209) Importer(815301076,1909f56bfc062723c751e8b465ee728b)  -> (artifact id: 'aa76e2aad373bf976fb6430fd058f775') in 0.040454 seconds
  Import took 0.043757 seconds .

========================================================================
Received Prepare
Registering precompiled user dll's ...
Registered in 0.001867 seconds.
Begin MonoManager ReloadAssembly
Native extension for WindowsStandalone target not found
Native extension for WebGL target not found
Refreshing native plugins compatible for Editor in 0.34 ms, found 0 plugins.
Preloading 0 native plugins for Editor in 0.00 ms.
Invoked RoslynAnalysisRunner static constructor.
RoslynAnalysisRunner will not be running.
RoslynAnalysisRunner has terminated.
Mono: successfully reloaded assembly
- Completed reload, in  1.203 seconds
Platform modules already initialized, skipping
Refreshing native plugins compatible for Editor in 0.33 ms, found 0 plugins.
Preloading 0 native plugins for Editor in 0.00 ms.
Unloading 1554 Unused Serialized files (Serialized files now loaded: 0)
System memory in use before: 169.1 MB.
System memory in use after: 169.0 MB.

Unloading 8 unused Assets to reduce memory usage. Loaded Objects now: 2078.
Total: 2.883100 ms (FindLiveObjects: 0.254700 ms CreateObjectMapping: 0.046300 ms MarkObjects: 2.380000 ms  DeleteObjects: 0.200500 ms)

========================================================================
Received Import Request.
  Time since last request: 327.584232 seconds.
  path: Assets/Scripts/ScoreBoard.cs
  artifactKey: Guid(4009eae89ef61cd408e795e5a7cad209) Importer(815301076,1909f56bfc062723c751e8b465ee728b)
Start importing Assets/Scripts/ScoreBoard.cs using Guid(4009eae89ef61cd408e795e5a7cad209) Importer(815301076,1909f56bfc062723c751e8b465ee728b)  -> (artifact id: 'e2681f6c1b61eb6f1dba450312c89d84') in 0.006526 seconds
  Import took 0.009430 seconds .

========================================================================
Received Import Request.
  Time since last request: 28.125775 seconds.
  path: Assets/Scripts/Enemy.cs
  artifactKey: Guid(87927992a4f00904aa1334b550f30790) Importer(815301076,1909f56bfc062723c751e8b465ee728b)
Start importing Assets/Scripts/Enemy.cs using Guid(87927992a4f00904aa1334b550f30790) Importer(815301076,1909f56bfc062723c751e8b465ee728b)  -> (artifact id: '5a0d86dc6cae3cee6ff7e5e18c553a37') in 0.004413 seconds
  Import took 0.007350 seconds .

========================================================================
Received Prepare
Registering precompiled user dll's ...
Registered in 0.001002 seconds.
Begin MonoManager ReloadAssembly
Native extension for WindowsStandalone target not found
Native extension for WebGL target not found
Refreshing native plugins compatible for Editor in 0.32 ms, found 0 plugins.
Preloading 0 native plugins for Editor in 0.00 ms.
Invoked RoslynAnalysisRunner static constructor.
RoslynAnalysisRunner will not be running.
RoslynAnalysisRunner has terminated.
Mono: successfully reloaded assembly
- Completed reload, in  1.165 seconds
Platform modules already initialized, skipping
Refreshing native plugins compatible for Editor in 0.35 ms, found 0 plugins.
Preloading 0 native plugins for Editor in 0.00 ms.
Unloading 1554 Unused Serialized files (Serialized files now loaded: 0)
System memory in use before: 169.1 MB.
System memory in use after: 169.1 MB.

Unloading 8 unused Assets to reduce memory usage. Loaded Objects now: 2080.
Total: 2.532100 ms (FindLiveObjects: 0.282100 ms CreateObjectMapping: 0.069900 ms MarkObjects: 1.969800 ms  DeleteObjects: 0.208900 ms)

========================================================================
Received Import Request.
  Time since last request: 238.729327 seconds.
  path: Assets/Scripts/Enemy.cs
  artifactKey: Guid(87927992a4f00904aa1334b550f30790) Importer(815301076,1909f56bfc062723c751e8b465ee728b)
Start importing Assets/Scripts/Enemy.cs using Guid(87927992a4f00904aa1334b550f30790) Importer(815301076,1909f56bfc062723c751e8b465ee728b)  -> (artifact id: 'a8c0f6291c37873854bf99d4ec6adb30') in 0.006292 seconds
  Import took 0.009673 seconds .

========================================================================
Received Prepare
Registering precompiled user dll's ...
Registered in 0.001205 seconds.
Begin MonoManager ReloadAssembly
Native extension for WindowsStandalone target not found
Native extension for WebGL target not found
Refreshing native plugins compatible for Editor in 0.34 ms, found 0 plugins.
Preloading 0 native plugins for Editor in 0.00 ms.
Invoked RoslynAnalysisRunner static constructor.
RoslynAnalysisRunner will not be running.
RoslynAnalysisRunner has terminated.
Mono: successfully reloaded assembly
- Completed reload, in  1.185 seconds
Platform modules already initialized, skipping
Refreshing native plugins compatible for Editor in 0.34 ms, found 0 plugins.
Preloading 0 native plugins for Editor in 0.00 ms.
Unloading 1554 Unused Serialized files (Serialized files now loaded: 0)
System memory in use before: 169.1 MB.
System memory in use after: 169.1 MB.

Unloading 8 unused Assets to reduce memory usage. Loaded Objects now: 2082.
Total: 2.877100 ms (FindLiveObjects: 0.243800 ms CreateObjectMapping: 0.055800 ms MarkObjects: 2.326500 ms  DeleteObjects: 0.249800 ms)

========================================================================
Received Prepare
Registering precompiled user dll's ...
Registered in 0.001193 seconds.
Begin MonoManager ReloadAssembly
Native extension for WindowsStandalone target not found
Native extension for WebGL target not found
Refreshing native plugins compatible for Editor in 0.36 ms, found 0 plugins.
Preloading 0 native plugins for Editor in 0.00 ms.
Invoked RoslynAnalysisRunner static constructor.
RoslynAnalysisRunner will not be running.
RoslynAnalysisRunner has terminated.
Mono: successfully reloaded assembly
- Completed reload, in  1.075 seconds
Platform modules already initialized, skipping
Refreshing native plugins compatible for Editor in 0.35 ms, found 0 plugins.
Preloading 0 native plugins for Editor in 0.00 ms.
Unloading 1554 Unused Serialized files (Serialized files now loaded: 0)
System memory in use before: 169.2 MB.
System memory in use after: 169.1 MB.

Unloading 8 unused Assets to reduce memory usage. Loaded Objects now: 2084.
Total: 2.825600 ms (FindLiveObjects: 0.219000 ms CreateObjectMapping: 0.054600 ms MarkObjects: 2.340800 ms  DeleteObjects: 0.209800 ms)

========================================================================
Received Prepare
Registering precompiled user dll's ...
Registered in 0.001393 seconds.
Begin MonoManager ReloadAssembly
Native extension for WindowsStandalone target not found
Native extension for WebGL target not found
Refreshing native plugins compatible for Editor in 0.35 ms, found 0 plugins.
Preloading 0 native plugins for Editor in 0.00 ms.
Invoked RoslynAnalysisRunner static constructor.
RoslynAnalysisRunner will not be running.
RoslynAnalysisRunner has terminated.
Mono: successfully reloaded assembly
- Completed reload, in  1.188 seconds
Platform modules already initialized, skipping
Refreshing native plugins compatible for Editor in 0.32 ms, found 0 plugins.
Preloading 0 native plugins for Editor in 0.00 ms.
Unloading 1554 Unused Serialized files (Serialized files now loaded: 0)
System memory in use before: 169.2 MB.
System memory in use after: 169.1 MB.

Unloading 8 unused Assets to reduce memory usage. Loaded Objects now: 2086.
Total: 2.839300 ms (FindLiveObjects: 0.277600 ms CreateObjectMapping: 0.088100 ms MarkObjects: 2.237200 ms  DeleteObjects: 0.234900 ms)

========================================================================
Received Prepare
Registering precompiled user dll's ...
Registered in 0.001007 seconds.
Begin MonoManager ReloadAssembly
Native extension for WindowsStandalone target not found
Native extension for WebGL target not found
Refreshing native plugins compatible for Editor in 0.32 ms, found 0 plugins.
Preloading 0 native plugins for Editor in 0.00 ms.
Invoked RoslynAnalysisRunner static constructor.
RoslynAnalysisRunner will not be running.
RoslynAnalysisRunner has terminated.
Mono: successfully reloaded assembly
- Completed reload, in  1.115 seconds
Platform modules already initialized, skipping
Refreshing native plugins compatible for Editor in 0.33 ms, found 0 plugins.
Preloading 0 native plugins for Editor in 0.00 ms.
Unloading 1554 Unused Serialized files (Serialized files now loaded: 0)
System memory in use before: 169.2 MB.
System memory in use after: 169.1 MB.

Unloading 8 unused Assets to reduce memory usage. Loaded Objects now: 2088.
Total: 2.207800 ms (FindLiveObjects: 0.205200 ms CreateObjectMapping: 0.044700 ms MarkObjects: 1.760500 ms  DeleteObjects: 0.196300 ms)

========================================================================
Received Prepare
Registering precompiled user dll's ...
Registered in 0.000971 seconds.
Begin MonoManager ReloadAssembly
Native extension for WindowsStandalone target not found
Native extension for WebGL target not found
Refreshing native plugins compatible for Editor in 0.33 ms, found 0 plugins.
Preloading 0 native plugins for Editor in 0.00 ms.
Invoked RoslynAnalysisRunner static constructor.
RoslynAnalysisRunner will not be running.
RoslynAnalysisRunner has terminated.
Mono: successfully reloaded assembly
- Completed reload, in  1.171 seconds
Platform modules already initialized, skipping
Refreshing native plugins compatible for Editor in 0.33 ms, found 0 plugins.
Preloading 0 native plugins for Editor in 0.00 ms.
Unloading 1554 Unused Serialized files (Serialized files now loaded: 0)
System memory in use before: 169.2 MB.
System memory in use after: 169.1 MB.

Unloading 8 unused Assets to reduce memory usage. Loaded Objects now: 2090.
Total: 2.382300 ms (FindLiveObjects: 0.238400 ms CreateObjectMapping: 0.049000 ms MarkObjects: 1.887500 ms  DeleteObjects: 0.205700 ms)

========================================================================
Received Prepare
Registering precompiled user dll's ...
Registered in 0.000958 seconds.
Begin MonoManager ReloadAssembly
Native extension for WindowsStandalone target not found
Native extension for WebGL target not found
Refreshing native plugins compatible for Editor in 0.34 ms, found 0 plugins.
Preloading 0 native plugins for Editor in 0.00 ms.
Invoked RoslynAnalysisRunner static constructor.
RoslynAnalysisRunner will not be running.
RoslynAnalysisRunner has terminated.
Mono: successfully reloaded assembly
- Completed reload, in  1.176 seconds
Platform modules already initialized, skipping
Refreshing native plugins compatible for Editor in 0.34 ms, found 0 plugins.
Preloading 0 native plugins for Editor in 0.00 ms.
Unloading 1554 Unused Serialized files (Serialized files now loaded: 0)
System memory in use before: 169.2 MB.
System memory in use after: 169.1 MB.

Unloading 8 unused Assets to reduce memory usage. Loaded Objects now: 2092.
Total: 2.399100 ms (FindLiveObjects: 0.214800 ms CreateObjectMapping: 0.046700 ms MarkObjects: 1.929500 ms  DeleteObjects: 0.207000 ms)

========================================================================
Received Prepare
Registering precompiled user dll's ...
Registered in 0.001018 seconds.
Begin MonoManager ReloadAssembly
Native extension for WindowsStandalone target not found
Native extension for WebGL target not found
Refreshing native plugins compatible for Editor in 0.33 ms, found 0 plugins.
Preloading 0 native plugins for Editor in 0.00 ms.
Invoked RoslynAnalysisRunner static constructor.
RoslynAnalysisRunner will not be running.
RoslynAnalysisRunner has terminated.
Mono: successfully reloaded assembly
- Completed reload, in  1.149 seconds
Platform modules already initialized, skipping
Refreshing native plugins compatible for Editor in 0.33 ms, found 0 plugins.
Preloading 0 native plugins for Editor in 0.00 ms.
Unloading 1554 Unused Serialized files (Serialized files now loaded: 0)
System memory in use before: 169.2 MB.
System memory in use after: 169.1 MB.

Unloading 8 unused Assets to reduce memory usage. Loaded Objects now: 2094.
Total: 2.596000 ms (FindLiveObjects: 0.229800 ms CreateObjectMapping: 0.047800 ms MarkObjects: 2.067500 ms  DeleteObjects: 0.249200 ms)

========================================================================
Received Prepare
Registering precompiled user dll's ...
Registered in 0.001164 seconds.
Begin MonoManager ReloadAssembly
Native extension for WindowsStandalone target not found
Native extension for WebGL target not found
Refreshing native plugins compatible for Editor in 0.44 ms, found 0 plugins.
Preloading 0 native plugins for Editor in 0.00 ms.
Invoked RoslynAnalysisRunner static constructor.
RoslynAnalysisRunner will not be running.
RoslynAnalysisRunner has terminated.
Mono: successfully reloaded assembly
- Completed reload, in  1.312 seconds
Platform modules already initialized, skipping
Refreshing native plugins compatible for Editor in 0.43 ms, found 0 plugins.
Preloading 0 native plugins for Editor in 0.00 ms.
Unloading 1554 Unused Serialized files (Serialized files now loaded: 0)
System memory in use before: 169.2 MB.
System memory in use after: 169.1 MB.

Unloading 8 unused Assets to reduce memory usage. Loaded Objects now: 2096.
Total: 2.543700 ms (FindLiveObjects: 0.253000 ms CreateObjectMapping: 0.048200 ms MarkObjects: 2.023000 ms  DeleteObjects: 0.218100 ms)

========================================================================
Received Prepare
Registering precompiled user dll's ...
Registered in 0.000936 seconds.
Begin MonoManager ReloadAssembly
Native extension for WindowsStandalone target not found
Native extension for WebGL target not found
Refreshing native plugins compatible for Editor in 0.37 ms, found 0 plugins.
Preloading 0 native plugins for Editor in 0.00 ms.
Invoked RoslynAnalysisRunner static constructor.
RoslynAnalysisRunner will not be running.
RoslynAnalysisRunner has terminated.
Mono: successfully reloaded assembly
- Completed reload, in  1.204 seconds
Platform modules already initialized, skipping
Refreshing native plugins compatible for Editor in 0.33 ms, found 0 plugins.
Preloading 0 native plugins for Editor in 0.00 ms.
Unloading 1554 Unused Serialized files (Serialized files now loaded: 0)
System memory in use before: 169.2 MB.
System memory in use after: 169.2 MB.

Unloading 8 unused Assets to reduce memory usage. Loaded Objects now: 2098.
Total: 2.510700 ms (FindLiveObjects: 0.226300 ms CreateObjectMapping: 0.045400 ms MarkObjects: 2.008000 ms  DeleteObjects: 0.229700 ms)

========================================================================
Received Prepare
Registering precompiled user dll's ...
Registered in 0.001003 seconds.
Begin MonoManager ReloadAssembly
Native extension for WindowsStandalone target not found
Native extension for WebGL target not found
Refreshing native plugins compatible for Editor in 0.38 ms, found 0 plugins.
Preloading 0 native plugins for Editor in 0.00 ms.
Invoked RoslynAnalysisRunner static constructor.
RoslynAnalysisRunner will not be running.
RoslynAnalysisRunner has terminated.
Mono: successfully reloaded assembly
- Completed reload, in  1.299 seconds
Platform modules already initialized, skipping
Refreshing native plugins compatible for Editor in 0.34 ms, found 0 plugins.
Preloading 0 native plugins for Editor in 0.00 ms.
Unloading 1601 Unused Serialized files (Serialized files now loaded: 0)
System memory in use before: 171.9 MB.
System memory in use after: 171.2 MB.

Unloading 21 unused Assets to reduce memory usage. Loaded Objects now: 2134.
Total: 2.897300 ms (FindLiveObjects: 0.344500 ms CreateObjectMapping: 0.070200 ms MarkObjects: 1.958800 ms  DeleteObjects: 0.522300 ms)

========================================================================
Received Import Request.
  Time since last request: 1473.415501 seconds.
  path: Assets/powerpuff girls font.ttf
  artifactKey: Guid(11c29701d1d91b54c9b95ad42021198d) Importer(815301076,1909f56bfc062723c751e8b465ee728b)
Start importing Assets/powerpuff girls font.ttf using Guid(11c29701d1d91b54c9b95ad42021198d) Importer(815301076,1909f56bfc062723c751e8b465ee728b)  -> (artifact id: '1469fe0058eb533c6206ef02778527b7') in 0.248135 seconds
  Import took 0.251383 seconds .

========================================================================
Received Import Request.
  Time since last request: 57.477186 seconds.
  path: Assets/TextMesh Pro
  artifactKey: Guid(f54d1bd14bd3ca042bd867b519fee8cc) Importer(815301076,1909f56bfc062723c751e8b465ee728b)
Start importing Assets/TextMesh Pro using Guid(f54d1bd14bd3ca042bd867b519fee8cc) Importer(815301076,1909f56bfc062723c751e8b465ee728b)  -> (artifact id: 'be8cdd793bc772d1263bed7ea4fab192') in 0.004004 seconds
  Import took 0.007051 seconds .

========================================================================
Received Import Request.
  Time since last request: 0.003652 seconds.
  path: Assets/TextMesh Pro
  artifactKey: Guid(f54d1bd14bd3ca042bd867b519fee8cc) Importer(815301076,1909f56bfc062723c751e8b465ee728b)
Start importing Assets/TextMesh Pro using Guid(f54d1bd14bd3ca042bd867b519fee8cc) Importer(815301076,1909f56bfc062723c751e8b465ee728b)  -> (artifact id: 'be8cdd793bc772d1263bed7ea4fab192') in 0.004344 seconds
  Import took 0.007320 seconds .

========================================================================
Received Import Request.
  Time since last request: 0.103898 seconds.
  path: Assets/TextMesh Pro/powerpuff girls font SDF.asset
  artifactKey: Guid(48a4eee0846baff42ab0c3c4264e48f1) Importer(815301076,1909f56bfc062723c751e8b465ee728b)
Start importing Assets/TextMesh Pro/powerpuff girls font SDF.asset using Guid(48a4eee0846baff42ab0c3c4264e48f1) Importer(815301076,1909f56bfc062723c751e8b465ee728b)  -> (artifact id: '9bfb3b3077866e79dd00290194255ed3') in 0.071172 seconds
  Import took 0.074995 seconds .

========================================================================
Received Import Request.
  Time since last request: 200.094149 seconds.
  path: Assets/TextMesh Pro/powerpuff girls font SDF.asset
  artifactKey: Guid(48a4eee0846baff42ab0c3c4264e48f1) Importer(815301076,1909f56bfc062723c751e8b465ee728b)
Start importing Assets/TextMesh Pro/powerpuff girls font SDF.asset using Guid(48a4eee0846baff42ab0c3c4264e48f1) Importer(815301076,1909f56bfc062723c751e8b465ee728b)  -> (artifact id: '79a767b7a04817580a4e30ffe4af6ae9') in 0.023705 seconds
  Import took 0.026957 seconds .

========================================================================
Received Prepare
Registering precompiled user dll's ...
Registered in 0.001088 seconds.
Begin MonoManager ReloadAssembly
Native extension for WindowsStandalone target not found
Native extension for WebGL target not found
Refreshing native plugins compatible for Editor in 0.37 ms, found 0 plugins.
Preloading 0 native plugins for Editor in 0.00 ms.
Invoked RoslynAnalysisRunner static constructor.
RoslynAnalysisRunner will not be running.
RoslynAnalysisRunner has terminated.
Mono: successfully reloaded assembly
- Completed reload, in  1.105 seconds
Platform modules already initialized, skipping
Refreshing native plugins compatible for Editor in 0.50 ms, found 0 plugins.
Preloading 0 native plugins for Editor in 0.00 ms.
Unloading 1601 Unused Serialized files (Serialized files now loaded: 0)
System memory in use before: 175.4 MB.
System memory in use after: 174.8 MB.

Unloading 19 unused Assets to reduce memory usage. Loaded Objects now: 2182.
Total: 2.770100 ms (FindLiveObjects: 0.230500 ms CreateObjectMapping: 0.047700 ms MarkObjects: 2.036200 ms  DeleteObjects: 0.454200 ms)

========================================================================
Received Prepare
Registering precompiled user dll's ...
Registered in 0.001020 seconds.
Begin MonoManager ReloadAssembly
Native extension for WindowsStandalone target not found
Native extension for WebGL target not found
Refreshing native plugins compatible for Editor in 0.35 ms, found 0 plugins.
Preloading 0 native plugins for Editor in 0.00 ms.
Invoked RoslynAnalysisRunner static constructor.
RoslynAnalysisRunner will not be running.
RoslynAnalysisRunner has terminated.
Mono: successfully reloaded assembly
- Completed reload, in  1.169 seconds
Platform modules already initialized, skipping
Refreshing native plugins compatible for Editor in 0.36 ms, found 0 plugins.
Preloading 0 native plugins for Editor in 0.00 ms.
Unloading 1599 Unused Serialized files (Serialized files now loaded: 0)
System memory in use before: 175.3 MB.
System memory in use after: 174.7 MB.

Unloading 19 unused Assets to reduce memory usage. Loaded Objects now: 2184.
Total: 2.585100 ms (FindLiveObjects: 0.239700 ms CreateObjectMapping: 0.047000 ms MarkObjects: 1.820700 ms  DeleteObjects: 0.476500 ms)

========================================================================
Received Prepare
Registering precompiled user dll's ...
Registered in 0.001136 seconds.
Begin MonoManager ReloadAssembly
Native extension for WindowsStandalone target not found
Native extension for WebGL target not found
Refreshing native plugins compatible for Editor in 0.36 ms, found 0 plugins.
Preloading 0 native plugins for Editor in 0.00 ms.
Invoked RoslynAnalysisRunner static constructor.
RoslynAnalysisRunner will not be running.
RoslynAnalysisRunner has terminated.
Mono: successfully reloaded assembly
- Completed reload, in  1.194 seconds
Platform modules already initialized, skipping
Refreshing native plugins compatible for Editor in 0.33 ms, found 0 plugins.
Preloading 0 native plugins for Editor in 0.00 ms.
Unloading 1599 Unused Serialized files (Serialized files now loaded: 0)
System memory in use before: 175.3 MB.
System memory in use after: 174.7 MB.

Unloading 19 unused Assets to reduce memory usage. Loaded Objects now: 2186.
Total: 3.455100 ms (FindLiveObjects: 0.380700 ms CreateObjectMapping: 0.097800 ms MarkObjects: 2.404200 ms  DeleteObjects: 0.569700 ms)

========================================================================
Received Prepare
Registering precompiled user dll's ...
Registered in 0.001211 seconds.
Begin MonoManager ReloadAssembly
Native extension for WindowsStandalone target not found
Native extension for WebGL target not found
Refreshing native plugins compatible for Editor in 0.35 ms, found 0 plugins.
Preloading 0 native plugins for Editor in 0.00 ms.
Invoked RoslynAnalysisRunner static constructor.
RoslynAnalysisRunner will not be running.
RoslynAnalysisRunner has terminated.
Mono: successfully reloaded assembly
- Completed reload, in  1.201 seconds
Platform modules already initialized, skipping
Refreshing native plugins compatible for Editor in 0.35 ms, found 0 plugins.
Preloading 0 native plugins for Editor in 0.00 ms.
Unloading 1599 Unused Serialized files (Serialized files now loaded: 0)
System memory in use before: 175.2 MB.
System memory in use after: 174.7 MB.

Unloading 19 unused Assets to reduce memory usage. Loaded Objects now: 2188.
Total: 3.043700 ms (FindLiveObjects: 0.257500 ms CreateObjectMapping: 0.048000 ms MarkObjects: 2.241600 ms  DeleteObjects: 0.495300 ms)

========================================================================
Received Import Request.
  Time since last request: 5310.016615 seconds.
  path: Assets/Prefabs/Canvas.prefab
  artifactKey: Guid(a19a1aa3657934540ba685ef19f05511) Importer(815301076,1909f56bfc062723c751e8b465ee728b)
Start importing Assets/Prefabs/Canvas.prefab using Guid(a19a1aa3657934540ba685ef19f05511) Importer(815301076,1909f56bfc062723c751e8b465ee728b)  -> (artifact id: '2dd24c2798855eb92173a6ee396e1b9d') in 0.079826 seconds
  Import took 0.083197 seconds .

========================================================================
Received Import Request.
  Time since last request: 17.661714 seconds.
  path: Assets/Prefabs/Spawn At Runtime.prefab
  artifactKey: Guid(f62d30cd52740cd4b86d75d99ea90778) Importer(815301076,1909f56bfc062723c751e8b465ee728b)
Start importing Assets/Prefabs/Spawn At Runtime.prefab using Guid(f62d30cd52740cd4b86d75d99ea90778) Importer(815301076,1909f56bfc062723c751e8b465ee728b)  -> (artifact id: 'e6bf461eb7022e33804d80311d674d71') in 0.007819 seconds
  Import took 0.011801 seconds .

========================================================================
Received Import Request.
  Time since last request: 0.011400 seconds.
  path: Assets/Prefabs/Spawn At Runtime.prefab
  artifactKey: Guid(f62d30cd52740cd4b86d75d99ea90778) Importer(815301076,1909f56bfc062723c751e8b465ee728b)
Start importing Assets/Prefabs/Spawn At Runtime.prefab using Guid(f62d30cd52740cd4b86d75d99ea90778) Importer(815301076,1909f56bfc062723c751e8b465ee728b)  -> (artifact id: 'e6bf461eb7022e33804d80311d674d71') in 0.005167 seconds
  Import took 0.008682 seconds .

========================================================================
Received Import Request.
  Time since last request: 14.079409 seconds.
  path: Assets/Prefabs/Directional Light.prefab
  artifactKey: Guid(a5daf7c7ea4a28c43aa6ae55cd33d42c) Importer(815301076,1909f56bfc062723c751e8b465ee728b)
Start importing Assets/Prefabs/Directional Light.prefab using Guid(a5daf7c7ea4a28c43aa6ae55cd33d42c) Importer(815301076,1909f56bfc062723c751e8b465ee728b)  -> (artifact id: '9ef491b01ae3c132416e58f60f80d05a') in 0.006436 seconds
  Import took 0.010130 seconds .

========================================================================
Received Import Request.
  Time since last request: 0.018060 seconds.
  path: Assets/Prefabs/Directional Light.prefab
  artifactKey: Guid(a5daf7c7ea4a28c43aa6ae55cd33d42c) Importer(815301076,1909f56bfc062723c751e8b465ee728b)
Start importing Assets/Prefabs/Directional Light.prefab using Guid(a5daf7c7ea4a28c43aa6ae55cd33d42c) Importer(815301076,1909f56bfc062723c751e8b465ee728b)  -> (artifact id: '9ef491b01ae3c132416e58f60f80d05a') in 0.005302 seconds
  Import took 0.008824 seconds .

========================================================================
Received Prepare
Registering precompiled user dll's ...
Registered in 0.000900 seconds.
Begin MonoManager ReloadAssembly
Native extension for WindowsStandalone target not found
Native extension for WebGL target not found
Refreshing native plugins compatible for Editor in 0.36 ms, found 0 plugins.
Preloading 0 native plugins for Editor in 0.00 ms.
Invoked RoslynAnalysisRunner static constructor.
RoslynAnalysisRunner will not be running.
RoslynAnalysisRunner has terminated.
Mono: successfully reloaded assembly
- Completed reload, in  1.140 seconds
Platform modules already initialized, skipping
Refreshing native plugins compatible for Editor in 0.36 ms, found 0 plugins.
Preloading 0 native plugins for Editor in 0.00 ms.
Unloading 1599 Unused Serialized files (Serialized files now loaded: 0)
System memory in use before: 175.3 MB.
System memory in use after: 174.7 MB.

Unloading 19 unused Assets to reduce memory usage. Loaded Objects now: 2190.
Total: 4.420700 ms (FindLiveObjects: 0.209700 ms CreateObjectMapping: 0.042900 ms MarkObjects: 3.335200 ms  DeleteObjects: 0.831400 ms)

========================================================================
Received Prepare
Registering precompiled user dll's ...
Registered in 0.001273 seconds.
Begin MonoManager ReloadAssembly
Native extension for WindowsStandalone target not found
Native extension for WebGL target not found
Refreshing native plugins compatible for Editor in 0.36 ms, found 0 plugins.
Preloading 0 native plugins for Editor in 0.00 ms.
Invoked RoslynAnalysisRunner static constructor.
RoslynAnalysisRunner will not be running.
RoslynAnalysisRunner has terminated.
Mono: successfully reloaded assembly
- Completed reload, in  1.121 seconds
Platform modules already initialized, skipping
Refreshing native plugins compatible for Editor in 0.35 ms, found 0 plugins.
Preloading 0 native plugins for Editor in 0.00 ms.
Unloading 1599 Unused Serialized files (Serialized files now loaded: 0)
System memory in use before: 175.3 MB.
System memory in use after: 174.7 MB.

Unloading 19 unused Assets to reduce memory usage. Loaded Objects now: 2192.
Total: 2.865500 ms (FindLiveObjects: 0.337200 ms CreateObjectMapping: 0.099300 ms MarkObjects: 1.955000 ms  DeleteObjects: 0.472300 ms)

========================================================================
Received Prepare
Registering precompiled user dll's ...
Registered in 0.000994 seconds.
Begin MonoManager ReloadAssembly
Native extension for WindowsStandalone target not found
Native extension for WebGL target not found
Refreshing native plugins compatible for Editor in 0.33 ms, found 0 plugins.
Preloading 0 native plugins for Editor in 0.00 ms.
Invoked RoslynAnalysisRunner static constructor.
RoslynAnalysisRunner will not be running.
RoslynAnalysisRunner has terminated.
Mono: successfully reloaded assembly
- Completed reload, in  1.178 seconds
Platform modules already initialized, skipping
Refreshing native plugins compatible for Editor in 0.33 ms, found 0 plugins.
Preloading 0 native plugins for Editor in 0.00 ms.
Unloading 1599 Unused Serialized files (Serialized files now loaded: 0)
System memory in use before: 175.3 MB.
System memory in use after: 174.7 MB.

Unloading 19 unused Assets to reduce memory usage. Loaded Objects now: 2194.
Total: 3.291600 ms (FindLiveObjects: 0.291000 ms CreateObjectMapping: 0.059400 ms MarkObjects: 2.464200 ms  DeleteObjects: 0.475700 ms)

========================================================================
Received Prepare
Registering precompiled user dll's ...
Registered in 0.001031 seconds.
Begin MonoManager ReloadAssembly
Native extension for WindowsStandalone target not found
Native extension for WebGL target not found
Refreshing native plugins compatible for Editor in 0.36 ms, found 0 plugins.
Preloading 0 native plugins for Editor in 0.00 ms.
Invoked RoslynAnalysisRunner static constructor.
RoslynAnalysisRunner will not be running.
RoslynAnalysisRunner has terminated.
Mono: successfully reloaded assembly
- Completed reload, in  1.176 seconds
Platform modules already initialized, skipping
Refreshing native plugins compatible for Editor in 0.35 ms, found 0 plugins.
Preloading 0 native plugins for Editor in 0.00 ms.
Unloading 1599 Unused Serialized files (Serialized files now loaded: 0)
System memory in use before: 175.3 MB.
System memory in use after: 174.7 MB.

Unloading 19 unused Assets to reduce memory usage. Loaded Objects now: 2196.
Total: 2.724400 ms (FindLiveObjects: 0.242100 ms CreateObjectMapping: 0.048800 ms MarkObjects: 1.915600 ms  DeleteObjects: 0.516800 ms)

========================================================================
Received Prepare
Registering precompiled user dll's ...
Registered in 0.001015 seconds.
Begin MonoManager ReloadAssembly
Native extension for WindowsStandalone target not found
Native extension for WebGL target not found
Refreshing native plugins compatible for Editor in 0.35 ms, found 0 plugins.
Preloading 0 native plugins for Editor in 0.00 ms.
Invoked RoslynAnalysisRunner static constructor.
RoslynAnalysisRunner will not be running.
RoslynAnalysisRunner has terminated.
Mono: successfully reloaded assembly
- Completed reload, in  1.177 seconds
Platform modules already initialized, skipping
Refreshing native plugins compatible for Editor in 0.35 ms, found 0 plugins.
Preloading 0 native plugins for Editor in 0.00 ms.
Unloading 1599 Unused Serialized files (Serialized files now loaded: 0)
System memory in use before: 175.3 MB.
System memory in use after: 174.7 MB.

Unloading 19 unused Assets to reduce memory usage. Loaded Objects now: 2198.
Total: 2.720000 ms (FindLiveObjects: 0.228300 ms CreateObjectMapping: 0.052100 ms MarkObjects: 1.933400 ms  DeleteObjects: 0.505000 ms)

========================================================================
Received Prepare
Registering precompiled user dll's ...
Registered in 0.001159 seconds.
Begin MonoManager ReloadAssembly
Native extension for WindowsStandalone target not found
Native extension for WebGL target not found
Refreshing native plugins compatible for Editor in 0.33 ms, found 0 plugins.
Preloading 0 native plugins for Editor in 0.00 ms.
Invoked RoslynAnalysisRunner static constructor.
RoslynAnalysisRunner will not be running.
RoslynAnalysisRunner has terminated.
Mono: successfully reloaded assembly
- Completed reload, in  1.197 seconds
Platform modules already initialized, skipping
Refreshing native plugins compatible for Editor in 0.33 ms, found 0 plugins.
Preloading 0 native plugins for Editor in 0.00 ms.
Unloading 1599 Unused Serialized files (Serialized files now loaded: 0)
System memory in use before: 175.3 MB.
System memory in use after: 174.8 MB.

Unloading 19 unused Assets to reduce memory usage. Loaded Objects now: 2200.
Total: 2.765400 ms (FindLiveObjects: 0.230000 ms CreateObjectMapping: 0.046000 ms MarkObjects: 1.976700 ms  DeleteObjects: 0.511200 ms)

========================================================================
Received Prepare
Registering precompiled user dll's ...
Registered in 0.002460 seconds.
Begin MonoManager ReloadAssembly
Native extension for WindowsStandalone target not found
Native extension for WebGL target not found
Refreshing native plugins compatible for Editor in 0.33 ms, found 0 plugins.
Preloading 0 native plugins for Editor in 0.00 ms.
Invoked RoslynAnalysisRunner static constructor.
RoslynAnalysisRunner will not be running.
RoslynAnalysisRunner has terminated.
Mono: successfully reloaded assembly
- Completed reload, in  1.116 seconds
Platform modules already initialized, skipping
Refreshing native plugins compatible for Editor in 0.33 ms, found 0 plugins.
Preloading 0 native plugins for Editor in 0.00 ms.
Unloading 1599 Unused Serialized files (Serialized files now loaded: 0)
System memory in use before: 175.4 MB.
System memory in use after: 174.8 MB.

Unloading 19 unused Assets to reduce memory usage. Loaded Objects now: 2202.
Total: 4.320400 ms (FindLiveObjects: 0.243800 ms CreateObjectMapping: 0.043400 ms MarkObjects: 3.212300 ms  DeleteObjects: 0.819500 ms)

========================================================================
Received Prepare
Registering precompiled user dll's ...
Registered in 0.001066 seconds.
Begin MonoManager ReloadAssembly
Native extension for WindowsStandalone target not found
Native extension for WebGL target not found
Refreshing native plugins compatible for Editor in 0.35 ms, found 0 plugins.
Preloading 0 native plugins for Editor in 0.00 ms.
Invoked RoslynAnalysisRunner static constructor.
RoslynAnalysisRunner will not be running.
RoslynAnalysisRunner has terminated.
Mono: successfully reloaded assembly
- Completed reload, in  1.105 seconds
Platform modules already initialized, skipping
Refreshing native plugins compatible for Editor in 0.32 ms, found 0 plugins.
Preloading 0 native plugins for Editor in 0.00 ms.
Unloading 1599 Unused Serialized files (Serialized files now loaded: 0)
System memory in use before: 175.3 MB.
System memory in use after: 174.7 MB.

Unloading 19 unused Assets to reduce memory usage. Loaded Objects now: 2204.
Total: 2.610500 ms (FindLiveObjects: 0.239600 ms CreateObjectMapping: 0.045100 ms MarkObjects: 1.821000 ms  DeleteObjects: 0.503700 ms)

========================================================================
Received Prepare
Registering precompiled user dll's ...
Registered in 0.001159 seconds.
Begin MonoManager ReloadAssembly
Native extension for WindowsStandalone target not found
Native extension for WebGL target not found
Refreshing native plugins compatible for Editor in 0.32 ms, found 0 plugins.
Preloading 0 native plugins for Editor in 0.00 ms.
Invoked RoslynAnalysisRunner static constructor.
RoslynAnalysisRunner will not be running.
RoslynAnalysisRunner has terminated.
Mono: successfully reloaded assembly
- Completed reload, in  1.079 seconds
Platform modules already initialized, skipping
Refreshing native plugins compatible for Editor in 0.36 ms, found 0 plugins.
Preloading 0 native plugins for Editor in 0.00 ms.
Unloading 1599 Unused Serialized files (Serialized files now loaded: 0)
System memory in use before: 175.3 MB.
System memory in use after: 174.7 MB.

Unloading 19 unused Assets to reduce memory usage. Loaded Objects now: 2206.
Total: 2.724700 ms (FindLiveObjects: 0.247200 ms CreateObjectMapping: 0.058600 ms MarkObjects: 1.915500 ms  DeleteObjects: 0.502300 ms)

========================================================================
Received Prepare
Registering precompiled user dll's ...
Registered in 0.000936 seconds.
Begin MonoManager ReloadAssembly
Native extension for WindowsStandalone target not found
Native extension for WebGL target not found
Refreshing native plugins compatible for Editor in 0.35 ms, found 0 plugins.
Preloading 0 native plugins for Editor in 0.00 ms.
Invoked RoslynAnalysisRunner static constructor.
RoslynAnalysisRunner will not be running.
RoslynAnalysisRunner has terminated.
Mono: successfully reloaded assembly
- Completed reload, in  1.165 seconds
Platform modules already initialized, skipping
Refreshing native plugins compatible for Editor in 0.36 ms, found 0 plugins.
Preloading 0 native plugins for Editor in 0.00 ms.
Unloading 1599 Unused Serialized files (Serialized files now loaded: 0)
System memory in use before: 175.3 MB.
System memory in use after: 174.8 MB.

Unloading 19 unused Assets to reduce memory usage. Loaded Objects now: 2208.
Total: 2.973700 ms (FindLiveObjects: 0.407500 ms CreateObjectMapping: 0.111400 ms MarkObjects: 1.974100 ms  DeleteObjects: 0.478700 ms)

========================================================================
Received Prepare
Registering precompiled user dll's ...
Registered in 0.001829 seconds.
Begin MonoManager ReloadAssembly
Native extension for WindowsStandalone target not found
Native extension for WebGL target not found
Refreshing native plugins compatible for Editor in 0.33 ms, found 0 plugins.
Preloading 0 native plugins for Editor in 0.00 ms.
Invoked RoslynAnalysisRunner static constructor.
RoslynAnalysisRunner will not be running.
RoslynAnalysisRunner has terminated.
Mono: successfully reloaded assembly
- Completed reload, in  1.123 seconds
Platform modules already initialized, skipping
Refreshing native plugins compatible for Editor in 0.35 ms, found 0 plugins.
Preloading 0 native plugins for Editor in 0.00 ms.
Unloading 1599 Unused Serialized files (Serialized files now loaded: 0)
System memory in use before: 175.3 MB.
System memory in use after: 174.8 MB.

Unloading 19 unused Assets to reduce memory usage. Loaded Objects now: 2210.
Total: 2.726700 ms (FindLiveObjects: 0.234800 ms CreateObjectMapping: 0.051200 ms MarkObjects: 1.928500 ms  DeleteObjects: 0.510800 ms)

========================================================================
Received Prepare
Registering precompiled user dll's ...
Registered in 0.001212 seconds.
Begin MonoManager ReloadAssembly
Native extension for WindowsStandalone target not found
Native extension for WebGL target not found
Refreshing native plugins compatible for Editor in 0.36 ms, found 0 plugins.
Preloading 0 native plugins for Editor in 0.00 ms.
Invoked RoslynAnalysisRunner static constructor.
RoslynAnalysisRunner will not be running.
RoslynAnalysisRunner has terminated.
Mono: successfully reloaded assembly
- Completed reload, in  1.243 seconds
Platform modules already initialized, skipping
Refreshing native plugins compatible for Editor in 0.32 ms, found 0 plugins.
Preloading 0 native plugins for Editor in 0.00 ms.
Unloading 1599 Unused Serialized files (Serialized files now loaded: 0)
System memory in use before: 175.3 MB.
System memory in use after: 174.8 MB.

Unloading 19 unused Assets to reduce memory usage. Loaded Objects now: 2212.
Total: 5.394400 ms (FindLiveObjects: 0.239100 ms CreateObjectMapping: 0.052700 ms MarkObjects: 4.053600 ms  DeleteObjects: 1.047200 ms)

AssetImportWorkerClient::OnTransportError - code=2 error=End of file
