Using pre-set license
Built from '2020.2/staging' branch; Version is '2020.2.5f1 (e2c53f129de5) revision 14861631'; Using compiler version '192528614'; Build Type 'Release'
OS: 'Windows 10 Home; OS build 19042.804; Version 2009; 64bit' Language: 'en' Physical Memory: 16329 MB
BatchMode: 1, IsHumanControllingUs: 0, StartBugReporterOnCrash: 0, Is64bit: 1, IsPro: 0

 COMMAND LINE ARGUMENTS:
C:\Program Files\Unity\Hub\Editor\2020.2.5f1\Editor\Unity.exe
-adb2
-batchMode
-noUpm
-name
AssetImportWorker0
-projectPath
C:/Users/jprag/Documents/Unity_Repos/Unity/UnityProjects/Argon Assault X
-logFile
Logs/AssetImportWorker0.log
-srvPort
51297
Successfully changed project path to: C:/Users/jprag/Documents/Unity_Repos/Unity/UnityProjects/Argon Assault X
C:/Users/jprag/Documents/Unity_Repos/Unity/UnityProjects/Argon Assault X
Using Asset Import Pipeline V2.
Refreshing native plugins compatible for Editor in 52.53 ms, found 0 plugins.
Preloading 0 native plugins for Editor in 0.00 ms.
Initialize engine version: 2020.2.5f1 (e2c53f129de5)
[Subsystems] Discovering subsystems at path C:/Program Files/Unity/Hub/Editor/2020.2.5f1/Editor/Data/Resources/UnitySubsystems
[Subsystems] Discovering subsystems at path C:/Users/jprag/Documents/Unity_Repos/Unity/UnityProjects/Argon Assault X/Assets
GfxDevice: creating device client; threaded=0
Direct3D:
    Version:  Direct3D 11.0 [level 11.1]
    Renderer: Radeon RX 580 Series (ID=0x67df)
    Vendor:   
    VRAM:     8171 MB
    Driver:   27.20.14535.3005
Initialize mono
Mono path[0] = 'C:/Program Files/Unity/Hub/Editor/2020.2.5f1/Editor/Data/Managed'
Mono path[1] = 'C:/Program Files/Unity/Hub/Editor/2020.2.5f1/Editor/Data/MonoBleedingEdge/lib/mono/unityjit'
Mono config path = 'C:/Program Files/Unity/Hub/Editor/2020.2.5f1/Editor/Data/MonoBleedingEdge/etc'
Using monoOptions --debugger-agent=transport=dt_socket,embedding=1,server=y,suspend=n,address=127.0.0.1:56920
Begin MonoManager ReloadAssembly
Registering precompiled unity dll's ...
Register platform support module: C:/Program Files/Unity/Hub/Editor/2020.2.5f1/Editor/Data/PlaybackEngines/WebGLSupport/UnityEditor.WebGL.Extensions.dll
Register platform support module: C:/Program Files/Unity/Hub/Editor/2020.2.5f1/Editor/Data/PlaybackEngines/WindowsStandaloneSupport/UnityEditor.WindowsStandalone.Extensions.dll
Registered in 0.025189 seconds.
Native extension for WindowsStandalone target not found
Native extension for WebGL target not found
Refreshing native plugins compatible for Editor in 78.78 ms, found 0 plugins.
Preloading 0 native plugins for Editor in 0.00 ms.
Invoked RoslynAnalysisRunner static constructor.
RoslynAnalysisRunner will not be running.
RoslynAnalysisRunner has terminated.
Mono: successfully reloaded assembly
- Completed reload, in  2.921 seconds
Platform modules already initialized, skipping
Registering precompiled user dll's ...
Registered in 0.004943 seconds.
Begin MonoManager ReloadAssembly
Native extension for WindowsStandalone target not found
Native extension for WebGL target not found
Refreshing native plugins compatible for Editor in 43.17 ms, found 0 plugins.
Preloading 0 native plugins for Editor in 0.00 ms.
Invoked RoslynAnalysisRunner static constructor.
RoslynAnalysisRunner will not be running.
RoslynAnalysisRunner has terminated.
Mono: successfully reloaded assembly
- Completed reload, in  1.870 seconds
Platform modules already initialized, skipping
========================================================================
Worker process is ready to serve import requests
Launched and connected shader compiler UnityShaderCompiler.exe after 0.09 seconds
Refreshing native plugins compatible for Editor in 0.33 ms, found 0 plugins.
Preloading 0 native plugins for Editor in 0.00 ms.
Unloading 1594 Unused Serialized files (Serialized files now loaded: 0)
System memory in use before: 100.6 MB.
System memory in use after: 100.5 MB.

Unloading 25 unused Assets to reduce memory usage. Loaded Objects now: 2072.
Total: 2.480600 ms (FindLiveObjects: 0.263100 ms CreateObjectMapping: 0.074400 ms MarkObjects: 1.936200 ms  DeleteObjects: 0.205700 ms)

========================================================================
Received Import Request.
  path: Assets/Prefabs/Player Ship.prefab
  artifactKey: Guid(4d54efa43b03b1845b929768cf25e790) Importer(815301076,1909f56bfc062723c751e8b465ee728b)
Start importing Assets/Prefabs/Player Ship.prefab using Guid(4d54efa43b03b1845b929768cf25e790) Importer(815301076,1909f56bfc062723c751e8b465ee728b)  -> (artifact id: '0356cdfbce82f8f7fa0e6eea8d7d8aa9') in 0.266168 seconds
  Import took 0.269240 seconds .

========================================================================
Received Import Request.
  Time since last request: 0.000423 seconds.
  path: Assets/Prefabs/Player Rig.prefab
  artifactKey: Guid(bfdf015104ef06c448971412de318c1b) Importer(815301076,1909f56bfc062723c751e8b465ee728b)
Start importing Assets/Prefabs/Player Rig.prefab using Guid(bfdf015104ef06c448971412de318c1b) Importer(815301076,1909f56bfc062723c751e8b465ee728b)  -> (artifact id: 'fa024a93546d931336495f674baf9088') in 0.055678 seconds
  Import took 0.059039 seconds .

========================================================================
Received Prepare
Registering precompiled user dll's ...
Registered in 0.013676 seconds.
Begin MonoManager ReloadAssembly
Native extension for WindowsStandalone target not found
Native extension for WebGL target not found
Refreshing native plugins compatible for Editor in 0.35 ms, found 0 plugins.
Preloading 0 native plugins for Editor in 0.00 ms.
Invoked RoslynAnalysisRunner static constructor.
RoslynAnalysisRunner will not be running.
RoslynAnalysisRunner has terminated.
Mono: successfully reloaded assembly
- Completed reload, in  2.083 seconds
Platform modules already initialized, skipping
Refreshing native plugins compatible for Editor in 0.32 ms, found 0 plugins.
Preloading 0 native plugins for Editor in 0.00 ms.
Unloading 1552 Unused Serialized files (Serialized files now loaded: 0)
System memory in use before: 101.0 MB.
System memory in use after: 100.9 MB.

Unloading 10 unused Assets to reduce memory usage. Loaded Objects now: 2081.
Total: 2.200900 ms (FindLiveObjects: 0.213800 ms CreateObjectMapping: 0.044600 ms MarkObjects: 1.753000 ms  DeleteObjects: 0.188300 ms)

========================================================================
Received Prepare
Registering precompiled user dll's ...
Registered in 0.004182 seconds.
Begin MonoManager ReloadAssembly
Native extension for WindowsStandalone target not found
Native extension for WebGL target not found
Refreshing native plugins compatible for Editor in 0.35 ms, found 0 plugins.
Preloading 0 native plugins for Editor in 0.00 ms.
Invoked RoslynAnalysisRunner static constructor.
RoslynAnalysisRunner will not be running.
RoslynAnalysisRunner has terminated.
Mono: successfully reloaded assembly
- Completed reload, in  2.035 seconds
Platform modules already initialized, skipping
Refreshing native plugins compatible for Editor in 0.33 ms, found 0 plugins.
Preloading 0 native plugins for Editor in 0.00 ms.
Unloading 1552 Unused Serialized files (Serialized files now loaded: 0)
System memory in use before: 101.0 MB.
System memory in use after: 101.0 MB.

Unloading 8 unused Assets to reduce memory usage. Loaded Objects now: 2083.
Total: 2.241000 ms (FindLiveObjects: 0.233200 ms CreateObjectMapping: 0.045500 ms MarkObjects: 1.779500 ms  DeleteObjects: 0.181700 ms)

========================================================================
Received Prepare
Registering precompiled user dll's ...
Registered in 0.004353 seconds.
Begin MonoManager ReloadAssembly
Native extension for WindowsStandalone target not found
Native extension for WebGL target not found
Refreshing native plugins compatible for Editor in 0.41 ms, found 0 plugins.
Preloading 0 native plugins for Editor in 0.00 ms.
Invoked RoslynAnalysisRunner static constructor.
RoslynAnalysisRunner will not be running.
RoslynAnalysisRunner has terminated.
Mono: successfully reloaded assembly
- Completed reload, in  2.057 seconds
Platform modules already initialized, skipping
Refreshing native plugins compatible for Editor in 0.36 ms, found 0 plugins.
Preloading 0 native plugins for Editor in 0.00 ms.
Unloading 1552 Unused Serialized files (Serialized files now loaded: 0)
System memory in use before: 101.0 MB.
System memory in use after: 101.0 MB.

Unloading 8 unused Assets to reduce memory usage. Loaded Objects now: 2085.
Total: 2.645000 ms (FindLiveObjects: 0.231600 ms CreateObjectMapping: 0.054400 ms MarkObjects: 2.133900 ms  DeleteObjects: 0.223400 ms)

========================================================================
Received Prepare
Registering precompiled user dll's ...
Registered in 0.004429 seconds.
Begin MonoManager ReloadAssembly
Native extension for WindowsStandalone target not found
Native extension for WebGL target not found
Refreshing native plugins compatible for Editor in 0.35 ms, found 0 plugins.
Preloading 0 native plugins for Editor in 0.00 ms.
Invoked RoslynAnalysisRunner static constructor.
RoslynAnalysisRunner will not be running.
RoslynAnalysisRunner has terminated.
Mono: successfully reloaded assembly
- Completed reload, in  2.103 seconds
Platform modules already initialized, skipping
Refreshing native plugins compatible for Editor in 0.37 ms, found 0 plugins.
Preloading 0 native plugins for Editor in 0.00 ms.
Unloading 1552 Unused Serialized files (Serialized files now loaded: 0)
System memory in use before: 101.1 MB.
System memory in use after: 101.0 MB.

Unloading 8 unused Assets to reduce memory usage. Loaded Objects now: 2087.
Total: 3.587300 ms (FindLiveObjects: 0.390700 ms CreateObjectMapping: 0.083400 ms MarkObjects: 2.813800 ms  DeleteObjects: 0.297400 ms)

========================================================================
Received Prepare
Registering precompiled user dll's ...
Registered in 0.003975 seconds.
Begin MonoManager ReloadAssembly
Native extension for WindowsStandalone target not found
Native extension for WebGL target not found
Refreshing native plugins compatible for Editor in 0.33 ms, found 0 plugins.
Preloading 0 native plugins for Editor in 0.00 ms.
Invoked RoslynAnalysisRunner static constructor.
RoslynAnalysisRunner will not be running.
RoslynAnalysisRunner has terminated.
Mono: successfully reloaded assembly
- Completed reload, in  2.103 seconds
Platform modules already initialized, skipping
Refreshing native plugins compatible for Editor in 0.31 ms, found 0 plugins.
Preloading 0 native plugins for Editor in 0.00 ms.
Unloading 1552 Unused Serialized files (Serialized files now loaded: 0)
System memory in use before: 101.1 MB.
System memory in use after: 101.0 MB.

Unloading 8 unused Assets to reduce memory usage. Loaded Objects now: 2089.
Total: 2.159700 ms (FindLiveObjects: 0.205000 ms CreateObjectMapping: 0.040600 ms MarkObjects: 1.718700 ms  DeleteObjects: 0.194500 ms)

========================================================================
Received Prepare
Registering precompiled user dll's ...
Registered in 0.004918 seconds.
Begin MonoManager ReloadAssembly
Native extension for WindowsStandalone target not found
Native extension for WebGL target not found
Refreshing native plugins compatible for Editor in 0.32 ms, found 0 plugins.
Preloading 0 native plugins for Editor in 0.00 ms.
Invoked RoslynAnalysisRunner static constructor.
RoslynAnalysisRunner will not be running.
RoslynAnalysisRunner has terminated.
Mono: successfully reloaded assembly
- Completed reload, in  1.919 seconds
Platform modules already initialized, skipping
Refreshing native plugins compatible for Editor in 0.37 ms, found 0 plugins.
Preloading 0 native plugins for Editor in 0.00 ms.
Unloading 1552 Unused Serialized files (Serialized files now loaded: 0)
System memory in use before: 101.1 MB.
System memory in use after: 101.0 MB.

Unloading 8 unused Assets to reduce memory usage. Loaded Objects now: 2091.
Total: 3.946700 ms (FindLiveObjects: 0.371600 ms CreateObjectMapping: 0.095900 ms MarkObjects: 3.182300 ms  DeleteObjects: 0.294000 ms)

========================================================================
Received Prepare
Registering precompiled user dll's ...
Registered in 0.013185 seconds.
Begin MonoManager ReloadAssembly
Native extension for WindowsStandalone target not found
Native extension for WebGL target not found
Refreshing native plugins compatible for Editor in 0.33 ms, found 0 plugins.
Preloading 0 native plugins for Editor in 0.00 ms.
Invoked RoslynAnalysisRunner static constructor.
RoslynAnalysisRunner will not be running.
RoslynAnalysisRunner has terminated.
Mono: successfully reloaded assembly
- Completed reload, in  2.045 seconds
Platform modules already initialized, skipping
Refreshing native plugins compatible for Editor in 0.34 ms, found 0 plugins.
Preloading 0 native plugins for Editor in 0.00 ms.
Unloading 1552 Unused Serialized files (Serialized files now loaded: 0)
System memory in use before: 101.1 MB.
System memory in use after: 101.0 MB.

Unloading 8 unused Assets to reduce memory usage. Loaded Objects now: 2093.
Total: 2.568800 ms (FindLiveObjects: 0.260200 ms CreateObjectMapping: 0.049600 ms MarkObjects: 2.033400 ms  DeleteObjects: 0.224300 ms)

========================================================================
Received Prepare
Registering precompiled user dll's ...
Registered in 0.004576 seconds.
Begin MonoManager ReloadAssembly
Native extension for WindowsStandalone target not found
Native extension for WebGL target not found
Refreshing native plugins compatible for Editor in 0.35 ms, found 0 plugins.
Preloading 0 native plugins for Editor in 0.00 ms.
Invoked RoslynAnalysisRunner static constructor.
RoslynAnalysisRunner will not be running.
RoslynAnalysisRunner has terminated.
Mono: successfully reloaded assembly
- Completed reload, in  2.194 seconds
Platform modules already initialized, skipping
Refreshing native plugins compatible for Editor in 0.35 ms, found 0 plugins.
Preloading 0 native plugins for Editor in 0.00 ms.
Unloading 1552 Unused Serialized files (Serialized files now loaded: 0)
System memory in use before: 101.1 MB.
System memory in use after: 101.0 MB.

Unloading 8 unused Assets to reduce memory usage. Loaded Objects now: 2095.
Total: 2.700200 ms (FindLiveObjects: 0.250200 ms CreateObjectMapping: 0.049100 ms MarkObjects: 2.177500 ms  DeleteObjects: 0.221800 ms)

========================================================================
Received Import Request.
  Time since last request: 1480.219049 seconds.
  path: Assets/AssetPacks/StarSparrow/Materials
  artifactKey: Guid(8b36d4134b6d06d46952c57a6396d61e) Importer(815301076,1909f56bfc062723c751e8b465ee728b)
Start importing Assets/AssetPacks/StarSparrow/Materials using Guid(8b36d4134b6d06d46952c57a6396d61e) Importer(815301076,1909f56bfc062723c751e8b465ee728b)  -> (artifact id: 'dc70755f6f9fa3b10a3e354cfa39c775') in 0.018355 seconds
  Import took 0.021910 seconds .

========================================================================
Received Import Request.
  Time since last request: 0.000999 seconds.
  path: Assets/AssetPacks/StarSparrow/Materials
  artifactKey: Guid(8b36d4134b6d06d46952c57a6396d61e) Importer(815301076,1909f56bfc062723c751e8b465ee728b)
Start importing Assets/AssetPacks/StarSparrow/Materials using Guid(8b36d4134b6d06d46952c57a6396d61e) Importer(815301076,1909f56bfc062723c751e8b465ee728b)  -> (artifact id: 'dc70755f6f9fa3b10a3e354cfa39c775') in 0.011135 seconds
  Import took 0.013777 seconds .

========================================================================
Received Import Request.
  Time since last request: 0.747100 seconds.
  path: Assets/AssetPacks/StarSparrow/Materials/Unified
  artifactKey: Guid(787e49043f24cc34b8e60e7627b4ef54) Importer(815301076,1909f56bfc062723c751e8b465ee728b)
Start importing Assets/AssetPacks/StarSparrow/Materials/Unified using Guid(787e49043f24cc34b8e60e7627b4ef54) Importer(815301076,1909f56bfc062723c751e8b465ee728b)  -> (artifact id: '67c588dce077250f881dd48e6cfe63f5') in 0.012553 seconds
  Import took 0.015403 seconds .

========================================================================
Received Import Request.
  Time since last request: 137.617440 seconds.
  path: Assets/AssetPacks/StarSparrow/Textures/Unified/StarSparrow_Blue.png
  artifactKey: Guid(8f67ee43ff9be7b428ea646d476b9fa0) Importer(815301076,1909f56bfc062723c751e8b465ee728b)
Start importing Assets/AssetPacks/StarSparrow/Textures/Unified/StarSparrow_Blue.png using Guid(8f67ee43ff9be7b428ea646d476b9fa0) Importer(815301076,1909f56bfc062723c751e8b465ee728b)  -> (artifact id: 'c94244ef1c8bee4302590cb895fe24bc') in 0.142386 seconds
  Import took 0.146224 seconds .

========================================================================
Received Import Request.
  Time since last request: 0.000334 seconds.
  path: Assets/AssetPacks/StarSparrow/Textures/Unified/StarSparrow_Red.png
  artifactKey: Guid(f9a8de7d24ffac649a7c9b37b353bedb) Importer(815301076,1909f56bfc062723c751e8b465ee728b)
Start importing Assets/AssetPacks/StarSparrow/Textures/Unified/StarSparrow_Red.png using Guid(f9a8de7d24ffac649a7c9b37b353bedb) Importer(815301076,1909f56bfc062723c751e8b465ee728b)  -> (artifact id: 'cb2c50ade9b33bd7d6f4a78deb31b891') in 0.090948 seconds
  Import took 0.094711 seconds .

========================================================================
Received Import Request.
  Time since last request: 0.000393 seconds.
  path: Assets/AssetPacks/StarSparrow/Textures/Unified/StarSparrow_Grey.png
  artifactKey: Guid(1d788287ecdd86c45ae1a06c51309846) Importer(815301076,1909f56bfc062723c751e8b465ee728b)
Start importing Assets/AssetPacks/StarSparrow/Textures/Unified/StarSparrow_Grey.png using Guid(1d788287ecdd86c45ae1a06c51309846) Importer(815301076,1909f56bfc062723c751e8b465ee728b)  -> (artifact id: 'ab38478047d6c97d6beeb587f6647708') in 0.094104 seconds
  Import took 0.097218 seconds .

========================================================================
Received Import Request.
  Time since last request: 0.000312 seconds.
  path: Assets/AssetPacks/StarSparrow/Textures/Unified/StarSparrow_Normal.png
  artifactKey: Guid(8acfa108df3dc724bb02b95ffc346a3d) Importer(815301076,1909f56bfc062723c751e8b465ee728b)
Start importing Assets/AssetPacks/StarSparrow/Textures/Unified/StarSparrow_Normal.png using Guid(8acfa108df3dc724bb02b95ffc346a3d) Importer(815301076,1909f56bfc062723c751e8b465ee728b)  -> (artifact id: '0b1be8bbc7df77e3722f22f5b809c704') in 0.031432 seconds
  Import took 0.034222 seconds .

========================================================================
Received Import Request.
  Time since last request: 0.000288 seconds.
  path: Assets/AssetPacks/StarSparrow/Textures/Unified/StarSparrow_Green.png
  artifactKey: Guid(8e9dac75f56ed874c96a91d022c8a769) Importer(815301076,1909f56bfc062723c751e8b465ee728b)
Start importing Assets/AssetPacks/StarSparrow/Textures/Unified/StarSparrow_Green.png using Guid(8e9dac75f56ed874c96a91d022c8a769) Importer(815301076,1909f56bfc062723c751e8b465ee728b)  -> (artifact id: '36ba7ae3971a620973a62756d2a84697') in 0.120995 seconds
  Import took 0.123585 seconds .

========================================================================
Received Import Request.
  Time since last request: 0.000254 seconds.
  path: Assets/AssetPacks/StarSparrow/Textures/Unified/StarSparrow_Emission.png
  artifactKey: Guid(fd4d61e7a6d4f764b82482047ee2242b) Importer(815301076,1909f56bfc062723c751e8b465ee728b)
Start importing Assets/AssetPacks/StarSparrow/Textures/Unified/StarSparrow_Emission.png using Guid(fd4d61e7a6d4f764b82482047ee2242b) Importer(815301076,1909f56bfc062723c751e8b465ee728b)  -> (artifact id: 'd8b259c410cd5fd4a45a56d462c31902') in 0.025386 seconds
  Import took 0.028027 seconds .

========================================================================
Received Import Request.
  Time since last request: 0.000267 seconds.
  path: Assets/AssetPacks/StarSparrow/Textures/Unified/StarSparrow_MetallicSmoothness.png
  artifactKey: Guid(f3ffb954962977443ada0663a3ecd44d) Importer(815301076,1909f56bfc062723c751e8b465ee728b)
Start importing Assets/AssetPacks/StarSparrow/Textures/Unified/StarSparrow_MetallicSmoothness.png using Guid(f3ffb954962977443ada0663a3ecd44d) Importer(815301076,1909f56bfc062723c751e8b465ee728b)  -> (artifact id: 'db7884c2798b9eb72cf1cc129be27df0') in 0.028435 seconds
  Import took 0.031096 seconds .

========================================================================
Received Import Request.
  Time since last request: 0.000318 seconds.
  path: Assets/AssetPacks/StarSparrow/Textures/Unified/StarSparrow_Green.png
  artifactKey: Guid(8e9dac75f56ed874c96a91d022c8a769) Importer(815301076,1909f56bfc062723c751e8b465ee728b)
Start importing Assets/AssetPacks/StarSparrow/Textures/Unified/StarSparrow_Green.png using Guid(8e9dac75f56ed874c96a91d022c8a769) Importer(815301076,1909f56bfc062723c751e8b465ee728b)  -> (artifact id: '36ba7ae3971a620973a62756d2a84697') in 0.024178 seconds
  Import took 0.027046 seconds .

========================================================================
Received Import Request.
  Time since last request: 0.000292 seconds.
  path: Assets/AssetPacks/StarSparrow/Textures/Unified/StarSparrow_White.png
  artifactKey: Guid(c4ba0dbfcec9d854eb362eaad09f2bf7) Importer(815301076,1909f56bfc062723c751e8b465ee728b)
Start importing Assets/AssetPacks/StarSparrow/Textures/Unified/StarSparrow_White.png using Guid(c4ba0dbfcec9d854eb362eaad09f2bf7) Importer(815301076,1909f56bfc062723c751e8b465ee728b)  -> (artifact id: 'fca43b3d18c18a14396c6f1cd8db27aa') in 0.030373 seconds
  Import took 0.033211 seconds .

========================================================================
Received Import Request.
  Time since last request: 0.000305 seconds.
  path: Assets/AssetPacks/StarSparrow/Textures/Unified/StarSparrow_MetallicSmoothness.png
  artifactKey: Guid(f3ffb954962977443ada0663a3ecd44d) Importer(815301076,1909f56bfc062723c751e8b465ee728b)
Start importing Assets/AssetPacks/StarSparrow/Textures/Unified/StarSparrow_MetallicSmoothness.png using Guid(f3ffb954962977443ada0663a3ecd44d) Importer(815301076,1909f56bfc062723c751e8b465ee728b)  -> (artifact id: 'db7884c2798b9eb72cf1cc129be27df0') in 0.024344 seconds
  Import took 0.027226 seconds .

========================================================================
Received Import Request.
  Time since last request: 0.000281 seconds.
  path: Assets/AssetPacks/StarSparrow/Textures/Unified/StarSparrow_White.png
  artifactKey: Guid(c4ba0dbfcec9d854eb362eaad09f2bf7) Importer(815301076,1909f56bfc062723c751e8b465ee728b)
Start importing Assets/AssetPacks/StarSparrow/Textures/Unified/StarSparrow_White.png using Guid(c4ba0dbfcec9d854eb362eaad09f2bf7) Importer(815301076,1909f56bfc062723c751e8b465ee728b)  -> (artifact id: 'fca43b3d18c18a14396c6f1cd8db27aa') in 0.020441 seconds
  Import took 0.023047 seconds .

========================================================================
Received Prepare
Registering precompiled user dll's ...
Registered in 0.012985 seconds.
Begin MonoManager ReloadAssembly
Native extension for WindowsStandalone target not found
Native extension for WebGL target not found
Refreshing native plugins compatible for Editor in 0.39 ms, found 0 plugins.
Preloading 0 native plugins for Editor in 0.00 ms.
Invoked RoslynAnalysisRunner static constructor.
RoslynAnalysisRunner will not be running.
RoslynAnalysisRunner has terminated.
Mono: successfully reloaded assembly
- Completed reload, in  2.295 seconds
Platform modules already initialized, skipping
Refreshing native plugins compatible for Editor in 0.35 ms, found 0 plugins.
Preloading 0 native plugins for Editor in 0.00 ms.
Unloading 1552 Unused Serialized files (Serialized files now loaded: 0)
System memory in use before: 101.2 MB.
System memory in use after: 101.1 MB.

Unloading 8 unused Assets to reduce memory usage. Loaded Objects now: 2100.
Total: 2.397400 ms (FindLiveObjects: 0.227900 ms CreateObjectMapping: 0.046900 ms MarkObjects: 1.906200 ms  DeleteObjects: 0.215200 ms)

========================================================================
Received Prepare
Registering precompiled user dll's ...
Registered in 0.004311 seconds.
Begin MonoManager ReloadAssembly
Native extension for WindowsStandalone target not found
Native extension for WebGL target not found
Refreshing native plugins compatible for Editor in 0.38 ms, found 0 plugins.
Preloading 0 native plugins for Editor in 0.00 ms.
Invoked RoslynAnalysisRunner static constructor.
RoslynAnalysisRunner will not be running.
RoslynAnalysisRunner has terminated.
Mono: successfully reloaded assembly
- Completed reload, in  2.164 seconds
Platform modules already initialized, skipping
Refreshing native plugins compatible for Editor in 0.35 ms, found 0 plugins.
Preloading 0 native plugins for Editor in 0.00 ms.
Unloading 1552 Unused Serialized files (Serialized files now loaded: 0)
System memory in use before: 101.2 MB.
System memory in use after: 101.1 MB.

Unloading 8 unused Assets to reduce memory usage. Loaded Objects now: 2102.
Total: 2.797200 ms (FindLiveObjects: 0.193100 ms CreateObjectMapping: 0.045900 ms MarkObjects: 2.308900 ms  DeleteObjects: 0.248200 ms)

AssetImportWorkerClient::OnTransportError - code=2 error=End of file
